#
# A fatal error has been detected by the Java Runtime Environment:
#
#  Internal Error (os_windows_x86.cpp:143), pid=12592, tid=15720
#  guarantee(result == EXCEPTION_CONTINUE_EXECUTION) failed: Unexpected result from topLevelExceptionFilter
#
# JRE version: OpenJDK Runtime Environment Temurin-17.0.14+7 (17.0.14+7) (build 17.0.14+7)
# Java VM: OpenJDK 64-Bit Server VM Temurin-17.0.14+7 (17.0.14+7, mixed mode, sharing, tiered, compressed oops, compressed class ptrs, g1 gc, windows-amd64)
# No core dump will be written. Minidumps are not enabled by default on client versions of Windows
#
# If you would like to submit a bug report, please visit:
#   https://github.com/adoptium/adoptium-support/issues
# The crash happened outside the Java Virtual Machine in native code.
# See problematic frame for where to report the bug.
#

---------------  S U M M A R Y ------------

Command Line: -Djava.library.path=C:\Users\msi\OneDrive\Bureau\projetJAVA\PI-SenareNovo-Java/windows-amd64/bin/lib/win64 --add-exports=javafx.graphics/com.sun.javafx.sg.prism=ALL-UNNAMED --add-opens=java.base/java.lang=ALL-UNNAMED --add-modules=javafx.swing --add-opens=java.base/java.lang.reflect=ALL-UNNAMED --add-opens=java.base/java.util=ALL-UNNAMED --module-path=C:\Users\msi\.m2\repository\org\openjfx\javafx-base\17.0.14\javafx-base-17.0.14-win.jar;C:\Users\msi\.m2\repository\org\openjfx\javafx-base\17.0.14\javafx-base-17.0.14.jar;C:\Users\msi\.m2\repository\org\openjfx\javafx-controls\17.0.14\javafx-controls-17.0.14-win.jar;C:\Users\msi\.m2\repository\org\openjfx\javafx-controls\17.0.14\javafx-controls-17.0.14.jar;C:\Users\msi\.m2\repository\org\openjfx\javafx-fxml\17.0.14\javafx-fxml-17.0.14-win.jar;C:\Users\msi\.m2\repository\org\openjfx\javafx-fxml\17.0.14\javafx-fxml-17.0.14.jar;C:\Users\msi\.m2\repository\org\openjfx\javafx-graphics\17.0.14\javafx-graphics-17.0.14-win.jar;C:\Users\msi\.m2\repository\org\openjfx\javafx-graphics\17.0.14\javafx-graphics-17.0.14.jar;C:\Users\msi\.m2\repository\org\openjfx\javafx-media\17.0.14\javafx-media-17.0.14-win.jar;C:\Users\msi\.m2\repository\org\openjfx\javafx-media\17.0.14\javafx-media-17.0.14.jar;C:\Users\msi\.m2\repository\org\openjfx\javafx-swing\17.0.14\javafx-swing-17.0.14-win.jar;C:\Users\msi\.m2\repository\org\openjfx\javafx-swing\17.0.14\javafx-swing-17.0.14.jar;C:\Users\msi\.m2\repository\org\openjfx\javafx-web\17.0.14\javafx-web-17.0.14-win.jar;C:\Users\msi\.m2\repository\org\openjfx\javafx-web\17.0.14\javafx-web-17.0.14.jar --add-modules=javafx.base,javafx.controls,javafx.fxml,javafx.graphics,javafx.media,javafx.swing,javafx.web ed.sanarenovo.tests.MainD

Host: Intel(R) Core(TM) i5-9300H CPU @ 2.40GHz, 8 cores, 7G,  Windows 11 , 64 bit Build 22621 (10.0.22621.963)
Time: Tue Apr 29 15:00:59 2025 Afr. centrale Ouest elapsed time: 770.875683 seconds (0d 0h 12m 50s)

---------------  T H R E A D  ---------------

Current thread (0x000001c8164b4990):  JavaThread "AWT-EventQueue-0" [_thread_in_native, id=15720, stack(0x00000064f6e00000,0x00000064f6f00000)]

Stack: [0x00000064f6e00000,0x00000064f6f00000]
Native frames: (J=compiled Java code, j=interpreted, Vv=VM code, C=native code)
V  [jvm.dll+0x682eb9]
V  [jvm.dll+0x8399c8]
V  [jvm.dll+0x83b473]
V  [jvm.dll+0x83ba97]
V  [jvm.dll+0x24708a]
V  [jvm.dll+0x682a1c]
C  [ntdll.dll+0xa3eaf]
C  [ntdll.dll+0x1eae6]
C  [ntdll.dll+0xa2e9e]

Java frames: (J=compiled Java code, j=interpreted, Vv=VM code)
J 5604  org.cef.CefApp.N_DoMessageLoopWork()V (0 bytes) @ 0x000001c7c5cf9c63 [0x000001c7c5cf9c20+0x0000000000000043]
J 5954 c2 org.cef.CefApp$6$1.actionPerformed(Ljava/awt/event/ActionEvent;)V (49 bytes) @ 0x000001c7c5b74244 [0x000001c7c5b741c0+0x0000000000000084]
J 5953 c2 javax.swing.Timer$DoPostEvent.run()V java.desktop@17.0.14 (85 bytes) @ 0x000001c7c5b2b2f8 [0x000001c7c5b2afe0+0x0000000000000318]
J 5933 c2 java.awt.EventQueue.dispatchEvent(Ljava/awt/AWTEvent;)V java.desktop@17.0.14 (80 bytes) @ 0x000001c7c5ab3160 [0x000001c7c5ab2be0+0x0000000000000580]
J 5944 c2 java.awt.EventDispatchThread.pumpOneEventForFilters(I)V java.desktop@17.0.14 (116 bytes) @ 0x000001c7c5c62aac [0x000001c7c5c62700+0x00000000000003ac]
j  java.awt.EventDispatchThread.pumpEventsForFilter(ILjava/awt/Conditional;Ljava/awt/EventFilter;)V+35 java.desktop@17.0.14
j  java.awt.EventDispatchThread.pumpEventsForHierarchy(ILjava/awt/Conditional;Ljava/awt/Component;)V+11 java.desktop@17.0.14
j  java.awt.EventDispatchThread.pumpEvents(ILjava/awt/Conditional;)V+4 java.desktop@17.0.14
j  java.awt.EventDispatchThread.pumpEvents(Ljava/awt/Conditional;)V+3 java.desktop@17.0.14
j  java.awt.EventDispatchThread.run()V+9 java.desktop@17.0.14
v  ~StubRoutines::call_stub

Compiled method (n/a)  770938 5604     n 0       org.cef.CefApp::N_DoMessageLoopWork (native)
 total in heap  [0x000001c7c5cf9a90,0x000001c7c5cf9e38] = 936
 relocation     [0x000001c7c5cf9be8,0x000001c7c5cf9c18] = 48
 main code      [0x000001c7c5cf9c20,0x000001c7c5cf9e30] = 528
 oops           [0x000001c7c5cf9e30,0x000001c7c5cf9e38] = 8

[Constant Pool (empty)]

[MachCode]
[Entry Point]
  # {method} {0x000001c8182b5be8} 'N_DoMessageLoopWork' '()V' in 'org/cef/CefApp'
  #           [sp+0x70]  (sp of caller)
  0x000001c7c5cf9c20: 448b 5208 | 49bb 0000 | 00d5 c701 | 0000 4d03 | d349 3bc2 | 0f84 0600 

  0x000001c7c5cf9c38: ;   {runtime_call ic_miss_stub}
  0x000001c7c5cf9c38: 0000 e941 | 7477 ff90 
[Verified Entry Point]
  0x000001c7c5cf9c40: 8984 2400 | 90ff ff55 | 488b ec48 | 83ec 6048 | 8954 2420 | 4883 fa00 | 488d 5424 | 2048 0f44 
  0x000001c7c5cf9c60: 5424 20c5 

  0x000001c7c5cf9c64: ;   {internal_word}
  0x000001c7c5cf9c64: f877 49ba | 639c cfc5 | c701 0000 | 4d89 97a0 | 0200 0049 | 89a7 9802 

  0x000001c7c5cf9c7c: ;   {external_word}
  0x000001c7c5cf9c7c: 0000 49ba | 7ec6 ad54 | f87f 0000 | 4180 3a00 | 0f84 4a00 

  0x000001c7c5cf9c90: ;   {metadata({method} {0x000001c8182b5be8} 'N_DoMessageLoopWork' '()V' in 'org/cef/CefApp')}
  0x000001c7c5cf9c90: 0000 5248 | bae0 5b2b | 18c8 0100 | 0049 8bcf | 4883 ec20 | f7c4 0f00 | 0000 0f84 | 1a00 0000 
  0x000001c7c5cf9cb0: 4883 ec08 

  0x000001c7c5cf9cb4: ;   {runtime_call}
  0x000001c7c5cf9cb4: 49ba 008b | 6354 f87f | 0000 41ff | d248 83c4 | 08e9 0d00 

  0x000001c7c5cf9cc8: ;   {runtime_call}
  0x000001c7c5cf9cc8: 0000 49ba | 008b 6354 | f87f 0000 | 41ff d248 | 83c4 205a | 498d 8fb8 | 0200 0041 | c787 4803 
  0x000001c7c5cf9ce8: 0000 0400 

  0x000001c7c5cf9cec: ;   {runtime_call}
  0x000001c7c5cf9cec: 0000 49ba | c011 5cd3 | f87f 0000 | 41ff d2c5 | f877 41c7 | 8748 0300 | 0005 0000 | 00f0 8344 
  0x000001c7c5cf9d0c: 24c0 0049 | 3baf 5003 | 0000 0f87 | 1100 0000 | 4181 bf38 | 0300 0000 | 0000 000f | 8424 0000 
  0x000001c7c5cf9d2c: 00c5 f877 | 498b cf4c | 8be4 4883 | ec20 4883 

  0x000001c7c5cf9d3c: ;   {runtime_call}
  0x000001c7c5cf9d3c: e4f0 49ba | 4099 7354 | f87f 0000 | 41ff d249 | 8be4 4d33 | e441 c787 | 4803 0000 | 0800 0000 
  0x000001c7c5cf9d5c: 4181 bfb8 | 0300 0002 | 0000 000f | 849b 0000 

  0x000001c7c5cf9d6c: ;   {external_word}
  0x000001c7c5cf9d6c: 0049 ba7e | c6ad 54f8 | 7f00 0041 | 803a 000f | 8448 0000 

  0x000001c7c5cf9d80: ;   {metadata({method} {0x000001c8182b5be8} 'N_DoMessageLoopWork' '()V' in 'org/cef/CefApp')}
  0x000001c7c5cf9d80: 0048 bae0 | 5b2b 18c8 | 0100 0049 | 8bcf 4883 | ec20 f7c4 | 0f00 0000 | 0f84 1a00 | 0000 4883 
  0x000001c7c5cf9da0: ;   {runtime_call}
  0x000001c7c5cf9da0: ec08 49ba | 008b 6354 | f87f 0000 | 41ff d248 | 83c4 08e9 | 0d00 0000 

  0x000001c7c5cf9db8: ;   {runtime_call}
  0x000001c7c5cf9db8: 49ba 008b | 6354 f87f | 0000 41ff | d248 83c4 | 2049 c787 | 9802 0000 | 0000 0000 | 49c7 87a0 
  0x000001c7c5cf9dd8: 0200 0000 | 0000 00c5 | f877 498b | 8fd8 0000 | 00c7 8100 | 0100 0000 | 0000 00c9 | 4981 7f08 
  0x000001c7c5cf9df8: 0000 0000 | 0f85 0100 

  0x000001c7c5cf9e00: ;   {runtime_call StubRoutines (1)}
  0x000001c7c5cf9e00: 0000 c3e9 | f870 72ff | c5f8 774c | 8be4 4883 | ec20 4883 

  0x000001c7c5cf9e14: ;   {runtime_call}
  0x000001c7c5cf9e14: e4f0 49ba | 20bc 6354 | f87f 0000 | 41ff d249 | 8be4 4d33 | e4e9 3fff | ffff f4f4 
[/MachCode]


Compiled method (c2)  770962 5954       4       org.cef.CefApp$6$1::actionPerformed (49 bytes)
 total in heap  [0x000001c7c5b74010,0x000001c7c5b74630] = 1568
 relocation     [0x000001c7c5b74168,0x000001c7c5b741b8] = 80
 main code      [0x000001c7c5b741c0,0x000001c7c5b743a0] = 480
 stub code      [0x000001c7c5b743a0,0x000001c7c5b743e8] = 72
 oops           [0x000001c7c5b743e8,0x000001c7c5b743f0] = 8
 metadata       [0x000001c7c5b743f0,0x000001c7c5b74438] = 72
 scopes data    [0x000001c7c5b74438,0x000001c7c5b744d0] = 152
 scopes pcs     [0x000001c7c5b744d0,0x000001c7c5b745a0] = 208
 dependencies   [0x000001c7c5b745a0,0x000001c7c5b745a8] = 8
 handler table  [0x000001c7c5b745a8,0x000001c7c5b74608] = 96
 nul chk table  [0x000001c7c5b74608,0x000001c7c5b74630] = 40

[Constant Pool (empty)]

[MachCode]
[Entry Point]
  # {method} {0x000001c818a115d0} 'actionPerformed' '(Ljava/awt/event/ActionEvent;)V' in 'org/cef/CefApp$6$1'
  # this:     rdx:rdx   = 'org/cef/CefApp$6$1'
  # parm0:    r8:r8     = 'java/awt/event/ActionEvent'
  #           [sp+0x40]  (sp of caller)
  0x000001c7c5b741c0: 448b 5208 | 49bb 0000 | 00d5 c701 | 0000 4d03 | d349 3bc2 

  0x000001c7c5b741d4: ;   {runtime_call ic_miss_stub}
  0x000001c7c5b741d4: 0f85 a6ce | 8fff 6690 | 0f1f 4000 
[Verified Entry Point]
  0x000001c7c5b741e0: 8984 2400 | 90ff ff55 | 4883 ec30 | 488b ea44 | 8b5a 0c45 | 8b53 0c45 | 8b5a 100f | 1f44 0000 
  0x000001c7c5b74200: 4585 db0f | 84ec 0000 | 0049 8bd3 

  0x000001c7c5b7420c: ;   {optimized virtual_call}
  0x000001c7c5b7420c: 6666 90e8 

  0x000001c7c5b74210: ; ImmutableOopMap {rbp=Oop }
                      ;*invokevirtual stop {reexecute=0 rethrow=0 return_oop=0}
                      ; - org.cef.CefApp$6$1::actionPerformed@10 (line 522)
  0x000001c7c5b74210: acd7 0800 | 448b 550c | 0f1f 8400 | 0000 0000 

  0x000001c7c5b74220: ; implicit exception: dispatches to 0x000001c7c5b74348
  0x000001c7c5b74220: 418b 7a0c | 85ff 0f84 | d400 0000 | 4180 7f38 | 000f 8578 | 0000 0044 | 8967 1048 

  0x000001c7c5b7423c: ;   {optimized virtual_call}
  0x000001c7c5b7423c: 8bd7 90e8 

  0x000001c7c5b74240: ; ImmutableOopMap {rbp=Oop }
                      ;*invokespecial N_DoMessageLoopWork {reexecute=0 rethrow=0 return_oop=0}
                      ; - org.cef.CefApp::access$900@1 (line 25)
                      ; - org.cef.CefApp$6$1::actionPerformed@32 (line 525)
  0x000001c7c5b74240: fc59 1800 | 448b 550c 

  0x000001c7c5b74248: ; implicit exception: dispatches to 0x000001c7c5b74354
  0x000001c7c5b74248: 418b 6a0c | 85ed 0f84 | b800 0000 | 498b 9708 | 0100 004c | 8bd2 4983 | c218 4d3b | 9718 0100 
  0x000001c7c5b74268: 000f 836f | 0000 004d | 8997 0801 | 0000 410f | 0d8a c000 | 0000 48c7 | 0201 0000 

  0x000001c7c5b74284: ;   {metadata('org/cef/CefApp$6')}
  0x000001c7c5b74284: 00c7 4208 | 7043 3901 | 896a 0c48 | c742 1021 

  0x000001c7c5b74294: ;   {static_call}
  0x000001c7c5b74294: 0000 00e8 

  0x000001c7c5b74298: ; ImmutableOopMap {}
                      ;*invokestatic invokeLater {reexecute=0 rethrow=0 return_oop=0}
                      ; - javax.swing.SwingUtilities::invokeLater@1 (line 1421)
                      ; - org.cef.CefApp::doMessageLoopWork@9 (line 493)
                      ; - org.cef.CefApp$6$1::actionPerformed@45 (line 528)
  0x000001c7c5b74298: 8423 0600 | 4883 c430 

  0x000001c7c5b742a0: ;   {poll_return}
  0x000001c7c5b742a0: 5d49 3ba7 | 5003 0000 | 0f87 ce00 | 0000 c344 | 8b5f 1045 | 85db 0f84 | 7bff ffff | 4d8b 5720 
  0x000001c7c5b742c0: 498b cb4d | 85d2 7450 | 4d8b 5f30 | 4b89 4c13 | f849 83c2 | f84d 8957 | 20e9 59ff 

  0x000001c7c5b742dc: ;   {metadata('org/cef/CefApp$6')}
  0x000001c7c5b742dc: ffff 48ba | 7043 39d6 | c701 0000 

  0x000001c7c5b742e8: ;   {runtime_call _new_instance_Java}
  0x000001c7c5b742e8: 6666 90e8 

  0x000001c7c5b742ec: ; ImmutableOopMap {rbp=NarrowOop }
                      ;*new {reexecute=0 rethrow=0 return_oop=1}
                      ; - org.cef.CefApp::doMessageLoopWork@0 (line 493)
                      ; - org.cef.CefApp$6$1::actionPerformed@45 (line 528)
  0x000001c7c5b742ec: 10b8 9aff | 488b d0eb | 97ba f6ff 

  0x000001c7c5b742f8: ;   {runtime_call UncommonTrapBlob}
  0x000001c7c5b742f8: ffff 90e8 

  0x000001c7c5b742fc: ; ImmutableOopMap {}
                      ;*invokevirtual stop {reexecute=0 rethrow=0 return_oop=0}
                      ; - org.cef.CefApp$6$1::actionPerformed@10 (line 522)
  0x000001c7c5b742fc: 0026 90ff | baf6 ffff 

  0x000001c7c5b74304: ;   {runtime_call UncommonTrapBlob}
  0x000001c7c5b74304: ff66 90e8 

  0x000001c7c5b74308: ; ImmutableOopMap {}
                      ;*putfield workTimer_ {reexecute=1 rethrow=0 return_oop=0}
                      ; - (reexecute) org.cef.CefApp::access$802@3 (line 25)
                      ; - org.cef.CefApp$6$1::actionPerformed@21 (line 523)
  0x000001c7c5b74308: f425 90ff | baf6 ffff 

  0x000001c7c5b74310: ;   {runtime_call UncommonTrapBlob}
  0x000001c7c5b74310: ff66 90e8 

  0x000001c7c5b74314: ; ImmutableOopMap {}
                      ;*invokevirtual doMessageLoopWork {reexecute=0 rethrow=0 return_oop=0}
                      ; - org.cef.CefApp$6$1::actionPerformed@45 (line 528)
  0x000001c7c5b74314: e825 90ff | 498b d70f | 1f44 0000 | 49ba 7027 | 2254 f87f | 0000 41ff | d2e9 05ff | ffff baf6 
  0x000001c7c5b74334: ;   {runtime_call UncommonTrapBlob}
  0x000001c7c5b74334: ffff ffe8 

  0x000001c7c5b74338: ; ImmutableOopMap {}
                      ;*getfield this$0 {reexecute=1 rethrow=0 return_oop=0}
                      ; - (reexecute) org.cef.CefApp$6$1::actionPerformed@4 (line 522)
  0x000001c7c5b74338: c425 90ff | baf6 ffff 

  0x000001c7c5b74340: ;   {runtime_call UncommonTrapBlob}
  0x000001c7c5b74340: ff66 90e8 

  0x000001c7c5b74344: ; ImmutableOopMap {}
                      ;*getfield workTimer_ {reexecute=1 rethrow=0 return_oop=0}
                      ; - (reexecute) org.cef.CefApp::access$800@1 (line 25)
                      ; - org.cef.CefApp$6$1::actionPerformed@7 (line 522)
  0x000001c7c5b74344: b825 90ff | baf6 ffff 

  0x000001c7c5b7434c: ;   {runtime_call UncommonTrapBlob}
  0x000001c7c5b7434c: ff66 90e8 

  0x000001c7c5b74350: ; ImmutableOopMap {}
                      ;*getfield this$0 {reexecute=1 rethrow=0 return_oop=0}
                      ; - (reexecute) org.cef.CefApp$6$1::actionPerformed@17 (line 523)
  0x000001c7c5b74350: ac25 90ff | baf6 ffff 

  0x000001c7c5b74358: ;   {runtime_call UncommonTrapBlob}
  0x000001c7c5b74358: ff66 90e8 

  0x000001c7c5b7435c: ; ImmutableOopMap {}
                      ;*getfield this$0 {reexecute=1 rethrow=0 return_oop=0}
                      ; - (reexecute) org.cef.CefApp$6$1::actionPerformed@39 (line 528)
  0x000001c7c5b7435c: a025 90ff | 488b d0eb | 0d48 8bd0 | eb08 488b | d0eb 0348 | 8bd0 4883 

  0x000001c7c5b74374: ;   {runtime_call _rethrow_Java}
  0x000001c7c5b74374: c430 5de9 | 8407 9bff 

  0x000001c7c5b7437c: ;   {internal_word}
  0x000001c7c5b7437c: 49ba a142 | b7c5 c701 | 0000 4d89 | 9768 0300 

  0x000001c7c5b7438c: ;   {runtime_call SafepointBlob}
  0x000001c7c5b7438c: 00e9 6e36 | 90ff f4f4 | f4f4 f4f4 | f4f4 f4f4 | f4f4 f4f4 
[Stub Code]
  0x000001c7c5b743a0: ;   {no_reloc}
  0x000001c7c5b743a0: 48bb 0000 | 0000 0000 

  0x000001c7c5b743a8: ;   {runtime_call}
  0x000001c7c5b743a8: 0000 e9fb 

  0x000001c7c5b743ac: ;   {static_stub}
  0x000001c7c5b743ac: ffff ff48 | bb00 0000 | 0000 0000 

  0x000001c7c5b743b8: ;   {runtime_call}
  0x000001c7c5b743b8: 00e9 fbff 

  0x000001c7c5b743bc: ;   {static_stub}
  0x000001c7c5b743bc: ffff 48bb | 0000 0000 | 0000 0000 

  0x000001c7c5b743c8: ;   {runtime_call}
  0x000001c7c5b743c8: e9fb ffff 

  0x000001c7c5b743cc: ;   {runtime_call ExceptionBlob}
  0x000001c7c5b743cc: ffe9 ae1d | 9aff e800 | 0000 0048 | 832c 2405 

  0x000001c7c5b743dc: ;   {runtime_call DeoptimizationBlob}
  0x000001c7c5b743dc: e9bf 2890 | fff4 f4f4 | f4f4 f4f4 
[/MachCode]


Compiled method (c2)  770985 5953       4       javax.swing.Timer$DoPostEvent::run (85 bytes)
 total in heap  [0x000001c7c5b2ae10,0x000001c7c5b2bbd0] = 3520
 relocation     [0x000001c7c5b2af68,0x000001c7c5b2afd8] = 112
 main code      [0x000001c7c5b2afe0,0x000001c7c5b2b720] = 1856
 stub code      [0x000001c7c5b2b720,0x000001c7c5b2b768] = 72
 oops           [0x000001c7c5b2b768,0x000001c7c5b2b778] = 16
 metadata       [0x000001c7c5b2b778,0x000001c7c5b2b7d8] = 96
 scopes data    [0x000001c7c5b2b7d8,0x000001c7c5b2b998] = 448
 scopes pcs     [0x000001c7c5b2b998,0x000001c7c5b2baf8] = 352
 dependencies   [0x000001c7c5b2baf8,0x000001c7c5b2bb10] = 24
 handler table  [0x000001c7c5b2bb10,0x000001c7c5b2bb88] = 120
 nul chk table  [0x000001c7c5b2bb88,0x000001c7c5b2bbd0] = 72

[Constant Pool (empty)]

[MachCode]
[Entry Point]
  # {method} {0x000001c818b17400} 'run' '()V' in 'javax/swing/Timer$DoPostEvent'
  #           [sp+0x90]  (sp of caller)
  0x000001c7c5b2afe0: 448b 5208 | 49bb 0000 | 00d5 c701 | 0000 4d03 | d349 3bc2 

  0x000001c7c5b2aff4: ;   {runtime_call ic_miss_stub}
  0x000001c7c5b2aff4: 0f85 8660 | 94ff 6690 | 0f1f 4000 
[Verified Entry Point]
  0x000001c7c5b2b000: 8984 2400 | 90ff ff55 | 4881 ec80 | 0000 0048 | 8954 2428 

  0x000001c7c5b2b014: ;   {oop(a 'java/lang/Class'{0x0000000083a42630} = 'javax/swing/Timer')}
  0x000001c7c5b2b014: 49ba 3026 | a483 0000 | 0000 450f | b652 7045 | 85d2 0f85 | e605 0000 | 448b 520c 

  0x000001c7c5b2b030: ; implicit exception: dispatches to 0x000001c7c5b2b668
  0x000001c7c5b2b030: 458b 5a1c 

  0x000001c7c5b2b034: ; implicit exception: dispatches to 0x000001c7c5b2b674
  0x000001c7c5b2b034: 458b 530c | 4585 d20f | 1f44 0000 | 0f84 0a03 | 0000 448b | 5a0c 4489 | 5c24 3049 | 8b87 0801 
  0x000001c7c5b2b054: 0000 4c8b | d049 83c2 | 3066 6690 | 4d3b 9718 | 0100 000f | 83e4 0400 | 004d 8997 | 0801 0000 
  0x000001c7c5b2b074: 410f 0d8a | c000 0000 | 48c7 0001 

  0x000001c7c5b2b080: ;   {metadata('java/awt/event/ActionEvent')}
  0x000001c7c5b2b080: 0000 00c7 | 4008 48b4 | 3901 4489 | 600c 4c89 | 6010 4c89 | 6018 4c89 | 6020 4c89 | 6028 488b 
  0x000001c7c5b2b0a0: d844 8b5c | 2430 418b | 7b2c 49ba | 10e3 5c54 | f87f 0000 | 41ff d248 | 8944 2438 | 0f1f 4000 
  0x000001c7c5b2b0c0: 4180 7f38 | 000f 85d1 | 0200 0044 | 8b54 2430 | 4489 530c | 4c8b d348 | 8bf7 448b | 4424 3049 
  0x000001c7c5b2b0e0: 8be8 4c8b | dd4d 33da | 49c1 eb14 | 4d85 db74 | 1a49 c1ea | 0948 b900 | d093 cdc7 | 0100 0049 
  0x000001c7c5b2b100: 03ca 8039 | 040f 8531 | 0300 0048 | 8974 2450 | 897c 2440 | 4488 6314 | 4889 5c24 | 4848 895c 
  0x000001c7c5b2b120: ;   {static_call}
  0x000001c7c5b2b120: 2420 90e8 

  0x000001c7c5b2b124: ; ImmutableOopMap {rbp=Oop [32]=Oop [40]=Oop [48]=NarrowOop [64]=NarrowOop [72]=Oop [80]=Oop }
                      ;*invokestatic getStackAccessControlContext {reexecute=0 rethrow=0 return_oop=1}
                      ; - java.security.AccessController::getContext@0 (line 1003)
                      ; - java.awt.AWTEvent::<init>@11 (line 120)
                      ; - java.awt.event.ActionEvent::<init>@3 (line 227)
                      ; - javax.swing.Timer$DoPostEvent::run@61 (line 244)
  0x000001c7c5b2b124: 187a 1000 | 4885 c00f | 84f7 0400 | 0048 896c | 2420 488b | d04c 8b54 | 2448 498b 

  0x000001c7c5b2b140: ;   {optimized virtual_call}
  0x000001c7c5b2b140: ea66 90e8 

  0x000001c7c5b2b144: ; ImmutableOopMap {rbp=Oop [32]=Oop [40]=Oop [48]=NarrowOop [64]=NarrowOop [80]=Oop }
                      ;*invokevirtual optimize {reexecute=0 rethrow=0 return_oop=1}
                      ; - java.security.AccessController::getContext@19 (line 1009)
                      ; - java.awt.AWTEvent::<init>@11 (line 120)
                      ; - java.awt.event.ActionEvent::<init>@3 (line 227)
                      ; - javax.swing.Timer$DoPostEvent::run@61 (line 244)
  0x000001c7c5b2b144: 38eb 1d00 | 488b f841 | 807f 3800 | 0f85 7902 | 0000 488b | dd4c 8bd3 | 4c8b df4d | 33da 4c8b 
  0x000001c7c5b2b164: c744 8943 | 1c49 c1eb | 144d 85db | 741f 4885 | ff74 1a49 | c1ea 0948 | b900 d093 | cdc7 0100 
  0x000001c7c5b2b184: 0049 03ca | 8039 040f | 85f4 0200 | 00f0 8344 | 24c0 0066 | 0f1f 8400 | 0000 0000 | 4180 7f38 
  0x000001c7c5b2b1a4: 000f 855a | 0200 0044 | 8b44 2440 | 4489 432c | 4488 6315 | 4489 6310 | 4c8b 5424 | 504c 8bdb 
  0x000001c7c5b2b1c4: 4d33 d349 | c1ea 144d | 85d2 7420 | 4585 c074 | 1b49 c1eb | 0949 b800 | d093 cdc7 | 0100 004d 
  0x000001c7c5b2b1e4: 03c3 4180 | 3804 0f85 | dc02 0000 | 4c8b 5424 | 384c 8953 | 2044 8963 | 2844 8b5c | 2430 458b 
  0x000001c7c5b2b204: 5318 458b | 520c 418b | 720c 448b | ce41 83c1 | fe45 85c9 | 0f8c fb00 | 0000 4c63 | de44 8bc6 
  0x000001c7c5b2b224: 41f7 d841 | c1e8 1f44 | 2bc6 41d1 | f841 f7d8 | 41d1 e08b | fe41 2bf8 | 83c7 fe4c | 63c7 498b 
  0x000001c7c5b2b244: c848 83c1 | 0249 3bcb | 0f83 2603 | 0000 443b | ce0f 831d | 0300 0049 | 83c0 0390 | 4d3b c30f 
  0x000001c7c5b2b264: 830f 0300 | 0044 8bde | 41ff cb44 | 3bde 0f83 | 0003 0000 | 4d8b c20f | 1f44 0000 | 438b 6c8a 
  0x000001c7c5b2b284: ;   {oop(a 'java/lang/Class'{0x0000000083a4ad60} = 'java/awt/event/ActionListener')}
  0x000001c7c5b2b284: 1081 fd60 | ada4 830f | 8521 0300 | 004d 63d9 | 438b 6c9a | 140f 1f80 | 0000 0000 

  0x000001c7c5b2b2a0: ; implicit exception: dispatches to 0x000001c7c5b2b6a4
  0x000001c7c5b2b2a0: 448b 5d08 | 48be 0000 | 00d5 c701 | 0000 4903 | f34c 8b5e 

  0x000001c7c5b2b2b4: ;   {metadata('java/awt/event/ActionListener')}
  0x000001c7c5b2b2b4: 2048 b9c0 | b639 d6c7 | 0100 0090 | 4c3b d90f | 859d 0000 | 0048 8bd5 | 448b 5a08 

  0x000001c7c5b2b2d0: ;   {metadata('org/cef/CefApp$6$1')}
  0x000001c7c5b2b2d0: 4181 fbc0 | 4739 010f | 8548 0200 | 004c 8944 | 2430 4489 | 4c24 2444 | 8954 2420 | 488b eb4c 
  0x000001c7c5b2b2f0: ;   {optimized virtual_call}
  0x000001c7c5b2b2f0: 8bc3 90e8 

  0x000001c7c5b2b2f4: ; ImmutableOopMap {rbp=Oop [32]=NarrowOop [40]=Oop [48]=Oop }
                      ;*invokeinterface actionPerformed {reexecute=0 rethrow=0 return_oop=0}
                      ; - javax.swing.Timer::fireActionPerformed@34 (line 311)
                      ; - javax.swing.Timer$DoPostEvent::run@64 (line 243)
  0x000001c7c5b2b2f4: e88e 0400 | 448b 4c24 | 2441 83c1 | fe41 83f9 | ff7e 1248 | 8bdd 448b | 5424 204c | 8b44 2430 
  0x000001c7c5b2b314: e967 ffff | ff4c 8b5c | 2428 458b | 530c 410f | b66a 1585 | ed0f 842d | 0300 0045 | 8b53 0c45 
  0x000001c7c5b2b334: 8b5a 1c45 | 85db 660f | 1f44 0000 | 0f84 2702 | 0000 4589 | 630c f083 | 4424 c000 | 4881 c480 
  0x000001c7c5b2b354: 0000 005d 

  0x000001c7c5b2b358: ;   {poll_return}
  0x000001c7c5b2b358: 493b a750 | 0300 000f | 8796 0300 

  0x000001c7c5b2b364: ;   {metadata('java/awt/event/ActionListener')}
  0x000001c7c5b2b364: 00c3 48b8 | c0b6 39d6 | c701 0000 | 488b 7e28 | 8b0f 4883 | c708 4885 | c0f2 48af | 0f85 0400 
  0x000001c7c5b2b384: 0000 4889 | 4620 0f84 | 39ff ffff | bade ffff 

  0x000001c7c5b2b394: ;   {runtime_call UncommonTrapBlob}
  0x000001c7c5b2b394: ff66 90e8 

  0x000001c7c5b2b398: ; ImmutableOopMap {rbp=NarrowOop }
                      ;*checkcast {reexecute=0 rethrow=0 return_oop=0}
                      ; - javax.swing.Timer::fireActionPerformed@30 (line 311)
                      ; - javax.swing.Timer$DoPostEvent::run@64 (line 243)
  0x000001c7c5b2b398: 64b5 94ff | 448b 5b0c | 4585 db0f | 8422 fdff | ff4d 8b57 | 2049 8bcb | 4d85 d20f | 84df 0100 
  0x000001c7c5b2b3b8: 004d 8b5f | 304b 894c | 13f8 4983 | c2f8 4d89 | 5720 e9fc | fcff ff48 | 8bdd 448b | 531c 4585 
  0x000001c7c5b2b3d8: d20f 847a | fdff ff4d | 8b5f 2049 | 8bca 4d85 | db0f 8403 | 0200 004d | 8b57 304b | 894c 1af8 
  0x000001c7c5b2b3f8: 4983 c3f8 | 4d89 5f20 | e954 fdff | ff44 8b53 | 2c45 85d2 | 0f84 99fd | ffff 4d8b | 5f20 498b 
  0x000001c7c5b2b418: ca4d 85db | 0f1f 4000 | 0f84 b201 | 0000 4d8b | 5730 4b89 | 4c1a f849 | 83c3 f84d | 895f 20e9 
  0x000001c7c5b2b438: 6ffd ffff | 4d8b 5750 | 4d8b 5f40 | f083 4424 | c000 8039 | 000f 84b8 | fcff ff44 | 8821 4d85 
  0x000001c7c5b2b458: db75 1749 | 8bd7 6690 | 49ba 5027 | 2254 f87f | 0000 41ff | d2e9 99fc | ffff 4b89 | 4c1a f849 
  0x000001c7c5b2b478: 83c3 f84d | 895f 4090 | e986 fcff | ff4d 8b57 | 504d 8b5f | 40f0 8344 | 24c0 0080 | 3900 0f84 
  0x000001c7c5b2b498: f5fc ffff | 4488 2190 | 4d85 db75 | 1549 8bd7 | 49ba 5027 | 2254 f87f | 0000 41ff | d2e9 d7fc 
  0x000001c7c5b2b4b8: ffff 4b89 | 4c1a f849 | 83c3 f84d | 895f 40e9 | c5fc ffff | 4d8b 5750 | 4d8b 5f40 | f083 4424 
  0x000001c7c5b2b4d8: c000 660f | 1f44 0000 | 4180 3800 | 0f84 06fd | ffff 4588 | 204d 85db | 7520 498b | c849 8bd7 
  0x000001c7c5b2b4f8: 0f1f 8400 | 0000 0000 | 49ba 5027 | 2254 f87f | 0000 41ff | d2e9 defc | ffff 4f89 | 441a f849 
  0x000001c7c5b2b518: 83c3 f84d | 895f 4090 | e9cb fcff | ff4c 8944 | 2430 4489 | 4c24 2444 | 8954 2420 | 488b eb4c 
  0x000001c7c5b2b538: 8bc3 6666 | 9048 b8ff | ffff ffff 

  0x000001c7c5b2b544: ;   {virtual_call}
  0x000001c7c5b2b544: ffff ffe8 

  0x000001c7c5b2b548: ; ImmutableOopMap {rbp=Oop [32]=NarrowOop [40]=Oop [48]=Oop }
                      ;*invokeinterface actionPerformed {reexecute=0 rethrow=0 return_oop=0}
                      ; - javax.swing.Timer::fireActionPerformed@34 (line 311)
                      ; - javax.swing.Timer$DoPostEvent::run@64 (line 243)
  0x000001c7c5b2b548: 3461 94ff | e9a7 fdff 

  0x000001c7c5b2b550: ;   {metadata('java/awt/event/ActionEvent')}
  0x000001c7c5b2b550: ff48 ba48 | b439 d6c7 | 0100 0048 | 8b6c 2428 

  0x000001c7c5b2b560: ;   {runtime_call _new_instance_Java}
  0x000001c7c5b2b560: 6666 90e8 

  0x000001c7c5b2b564: ; ImmutableOopMap {rbp=Oop [40]=Oop [48]=NarrowOop }
                      ;*new {reexecute=0 rethrow=0 return_oop=1}
                      ; - javax.swing.Timer$DoPostEvent::run@41 (line 243)
  0x000001c7c5b2b564: 9845 9fff | e931 fbff | ffba f6ff 

  0x000001c7c5b2b570: ;   {runtime_call UncommonTrapBlob}
  0x000001c7c5b2b570: ffff 90e8 

  0x000001c7c5b2b574: ; ImmutableOopMap {}
                      ;*invokevirtual set {reexecute=0 rethrow=0 return_oop=0}
                      ; - javax.swing.Timer::cancelEvent@5 (line 608)
                      ; - javax.swing.Timer$DoPostEvent::run@81 (line 247)
  0x000001c7c5b2b574: 88b3 94ff | ba76 ffff | ff48 8b6c | 2428 4889 | 5c24 2044 | 8954 2428 | 4489 4c24 

  0x000001c7c5b2b590: ;   {runtime_call UncommonTrapBlob}
  0x000001c7c5b2b590: 3066 90e8 

  0x000001c7c5b2b594: ; ImmutableOopMap {rbp=Oop [32]=Oop [40]=NarrowOop }
                      ;*iflt {reexecute=1 rethrow=0 return_oop=0}
                      ; - (reexecute) javax.swing.Timer::fireActionPerformed@14 (line 309)
                      ; - javax.swing.Timer$DoPostEvent::run@64 (line 243)
  0x000001c7c5b2b594: 68b3 94ff | 498b d70f | 1f44 0000 | 49ba 7027 | 2254 f87f | 0000 41ff | d2e9 19fb | ffff ba45 
  0x000001c7c5b2b5b4: ffff ff48 | ff74 2428 | 488f 4424 | 2048 895c | 2428 4489 | 5424 3044 | 894c 2434 

  0x000001c7c5b2b5d0: ;   {runtime_call UncommonTrapBlob}
  0x000001c7c5b2b5d0: 6666 90e8 

  0x000001c7c5b2b5d4: ; ImmutableOopMap {rbp=NarrowOop [32]=Oop [40]=Oop [48]=NarrowOop }
                      ;*if_acmpne {reexecute=1 rethrow=0 return_oop=0}
                      ; - (reexecute) javax.swing.Timer::fireActionPerformed@22 (line 310)
                      ; - javax.swing.Timer$DoPostEvent::run@64 (line 243)
  0x000001c7c5b2b5d4: 28b3 94ff | 498b d70f | 1f44 0000 | 49ba 7027 | 2254 f87f | 0000 41ff | d2e9 b9fb | ffff 498b 
  0x000001c7c5b2b5f4: d766 6666 | 0f1f 8400 | 0000 0000 | 49ba 7027 | 2254 f87f | 0000 41ff | d2e9 47fb | ffff ba45 
  0x000001c7c5b2b614: ffff ff48 | 8b6c 2428 | 4489 5424 

  0x000001c7c5b2b620: ;   {runtime_call UncommonTrapBlob}
  0x000001c7c5b2b620: 2066 90e8 

  0x000001c7c5b2b624: ; ImmutableOopMap {rbp=Oop }
                      ;*ifeq {reexecute=1 rethrow=0 return_oop=0}
                      ; - (reexecute) javax.swing.Timer$DoPostEvent::run@3 (line 239)
  0x000001c7c5b2b624: d8b2 94ff | ba45 ffff | ff48 8b6c | 2428 448b | 5c24 3044 | 895c 2420 | 4c8b 5424 | 484c 8954 
  0x000001c7c5b2b644: 2428 448b | 5424 4044 | 8954 2424 | 4889 4424 

  0x000001c7c5b2b654: ;   {runtime_call UncommonTrapBlob}
  0x000001c7c5b2b654: 5866 90e8 

  0x000001c7c5b2b658: ; ImmutableOopMap {rbp=Oop [32]=NarrowOop [36]=NarrowOop [40]=Oop [88]=Oop }
                      ;*ifnonnull {reexecute=1 rethrow=0 return_oop=0}
                      ; - (reexecute) java.security.AccessController::getContext@5 (line 1004)
                      ; - java.awt.AWTEvent::<init>@11 (line 120)
                      ; - java.awt.event.ActionEvent::<init>@3 (line 227)
                      ; - javax.swing.Timer$DoPostEvent::run@61 (line 244)
  0x000001c7c5b2b658: a4b2 94ff | ba45 ffff 

  0x000001c7c5b2b660: ;   {runtime_call UncommonTrapBlob}
  0x000001c7c5b2b660: ff66 90e8 

  0x000001c7c5b2b664: ; ImmutableOopMap {[40]=Oop }
                      ;*ifeq {reexecute=1 rethrow=0 return_oop=0}
                      ; - (reexecute) javax.swing.Timer$DoPostEvent::run@74 (line 246)
  0x000001c7c5b2b664: 98b2 94ff | baf6 ffff 

  0x000001c7c5b2b66c: ;   {runtime_call UncommonTrapBlob}
  0x000001c7c5b2b66c: ff66 90e8 

  0x000001c7c5b2b670: ; ImmutableOopMap {}
                      ;*getfield notify {reexecute=1 rethrow=0 return_oop=0}
                      ; - (reexecute) javax.swing.Timer$DoPostEvent::run@28 (line 242)
  0x000001c7c5b2b670: 8cb2 94ff | baf6 ffff 

  0x000001c7c5b2b678: ;   {runtime_call UncommonTrapBlob}
  0x000001c7c5b2b678: ff66 90e8 

  0x000001c7c5b2b67c: ; ImmutableOopMap {}
                      ;*invokevirtual get {reexecute=0 rethrow=0 return_oop=0}
                      ; - javax.swing.Timer$DoPostEvent::run@31 (line 242)
  0x000001c7c5b2b67c: 80b2 94ff | baf6 ffff 

  0x000001c7c5b2b684: ;   {runtime_call UncommonTrapBlob}
  0x000001c7c5b2b684: ff66 90e8 

  0x000001c7c5b2b688: ; ImmutableOopMap {}
                      ;*invokevirtual getActionCommand {reexecute=0 rethrow=0 return_oop=0}
                      ; - javax.swing.Timer$DoPostEvent::run@54 (line 243)
  0x000001c7c5b2b688: 74b2 94ff | baf6 ffff 

  0x000001c7c5b2b690: ;   {runtime_call UncommonTrapBlob}
  0x000001c7c5b2b690: ff66 90e8 

  0x000001c7c5b2b694: ; ImmutableOopMap {}
                      ;*invokevirtual getListenerList {reexecute=0 rethrow=0 return_oop=0}
                      ; - javax.swing.Timer::fireActionPerformed@4 (line 305)
                      ; - javax.swing.Timer$DoPostEvent::run@64 (line 243)
  0x000001c7c5b2b694: 68b2 94ff | baf6 ffff 

  0x000001c7c5b2b69c: ;   {runtime_call UncommonTrapBlob}
  0x000001c7c5b2b69c: ff66 90e8 

  0x000001c7c5b2b6a0: ; ImmutableOopMap {}
                      ;*arraylength {reexecute=0 rethrow=0 return_oop=0}
                      ; - javax.swing.Timer::fireActionPerformed@9 (line 309)
                      ; - javax.swing.Timer$DoPostEvent::run@64 (line 243)
  0x000001c7c5b2b6a0: 5cb2 94ff | baf4 ffff | ff48 8b6c | 2428 4889 | 5c24 2044 | 8954 2428 | 4489 4c24 

  0x000001c7c5b2b6bc: ;   {runtime_call UncommonTrapBlob}
  0x000001c7c5b2b6bc: 2c66 90e8 

  0x000001c7c5b2b6c0: ; ImmutableOopMap {rbp=Oop [32]=Oop [40]=NarrowOop }
                      ;*checkcast {reexecute=0 rethrow=0 return_oop=0}
                      ; - javax.swing.Timer::fireActionPerformed@30 (line 311)
                      ; - javax.swing.Timer$DoPostEvent::run@64 (line 243)
  0x000001c7c5b2b6c0: 3cb2 94ff | baf6 ffff 

  0x000001c7c5b2b6c8: ;   {runtime_call UncommonTrapBlob}
  0x000001c7c5b2b6c8: ff66 90e8 

  0x000001c7c5b2b6cc: ; ImmutableOopMap {}
                      ;*getfield coalesce {reexecute=1 rethrow=0 return_oop=0}
                      ; - (reexecute) javax.swing.Timer$DoPostEvent::run@71 (line 246)
  0x000001c7c5b2b6cc: 30b2 94ff | baf6 ffff 

  0x000001c7c5b2b6d4: ;   {runtime_call UncommonTrapBlob}
  0x000001c7c5b2b6d4: ff66 90e8 

  0x000001c7c5b2b6d8: ; ImmutableOopMap {}
                      ;*invokevirtual cancelEvent {reexecute=0 rethrow=0 return_oop=0}
                      ; - javax.swing.Timer$DoPostEvent::run@81 (line 247)
  0x000001c7c5b2b6d8: 24b2 94ff | 488b d090 | eb0c eb07 | eb00 488b | d0eb 0348 | 8bd0 4881 | c480 0000 

  0x000001c7c5b2b6f4: ;   {runtime_call _rethrow_Java}
  0x000001c7c5b2b6f4: 005d e905 

  0x000001c7c5b2b6f8: ;   {internal_word}
  0x000001c7c5b2b6f8: 949f ff49 | ba58 b3b2 | c5c7 0100 | 004d 8997 | 6803 0000 

  0x000001c7c5b2b70c: ;   {runtime_call SafepointBlob}
  0x000001c7c5b2b70c: e9ef c294 | fff4 f4f4 | f4f4 f4f4 | f4f4 f4f4 | f4f4 f4f4 
[Stub Code]
  0x000001c7c5b2b720: ;   {no_reloc}
  0x000001c7c5b2b720: 48bb 0000 | 0000 0000 

  0x000001c7c5b2b728: ;   {runtime_call}
  0x000001c7c5b2b728: 0000 e9fb 

  0x000001c7c5b2b72c: ;   {static_stub}
  0x000001c7c5b2b72c: ffff ff48 | bb00 0000 | 0000 0000 

  0x000001c7c5b2b738: ;   {runtime_call}
  0x000001c7c5b2b738: 00e9 fbff 

  0x000001c7c5b2b73c: ;   {static_stub}
  0x000001c7c5b2b73c: ffff 48bb | 0000 0000 | 0000 0000 

  0x000001c7c5b2b748: ;   {runtime_call}
  0x000001c7c5b2b748: e9fb ffff 

  0x000001c7c5b2b74c: ;   {runtime_call ExceptionBlob}
  0x000001c7c5b2b74c: ffe9 2eaa | 9eff e800 | 0000 0048 | 832c 2405 

  0x000001c7c5b2b75c: ;   {runtime_call DeoptimizationBlob}
  0x000001c7c5b2b75c: e93f b594 | fff4 f4f4 | f4f4 f4f4 
[/MachCode]


---------------  P R O C E S S  ---------------

Threads class SMR info:
_java_thread_list=0x000001c829a771c0, length=23, elements={
0x000001c7d4defcb0, 0x000001c7d4df0780, 0x000001c7d4e0d1c0, 0x000001c7d4e0faa0,
0x000001c7d4e10370, 0x000001c7d4e10c40, 0x000001c7d4e118f0, 0x000001c7d4e122b0,
0x000001c7d4e1abd0, 0x000001c7d4dd70a0, 0x000001c816438060, 0x000001c8169512f0,
0x000001c816bb4610, 0x000001c816cf5df0, 0x000001c81fc9c170, 0x000001c81fc9ad30,
0x000001c8164b3f70, 0x000001c8164b7210, 0x000001c8164b8140, 0x000001c8164b4990,
0x000001c8164b1c00, 0x000001c8164b2620, 0x000001c8164b2110
}

Java Threads: ( => current thread )
  0x000001c7d4defcb0 JavaThread "Reference Handler" daemon [_thread_blocked, id=6560, stack(0x00000064f4100000,0x00000064f4200000)]
  0x000001c7d4df0780 JavaThread "Finalizer" daemon [_thread_blocked, id=8536, stack(0x00000064f4200000,0x00000064f4300000)]
  0x000001c7d4e0d1c0 JavaThread "Signal Dispatcher" daemon [_thread_blocked, id=15512, stack(0x00000064f4300000,0x00000064f4400000)]
  0x000001c7d4e0faa0 JavaThread "Attach Listener" daemon [_thread_blocked, id=12760, stack(0x00000064f4400000,0x00000064f4500000)]
  0x000001c7d4e10370 JavaThread "Service Thread" daemon [_thread_blocked, id=11600, stack(0x00000064f4500000,0x00000064f4600000)]
  0x000001c7d4e10c40 JavaThread "Monitor Deflation Thread" daemon [_thread_blocked, id=3276, stack(0x00000064f4600000,0x00000064f4700000)]
  0x000001c7d4e118f0 JavaThread "C2 CompilerThread0" daemon [_thread_blocked, id=2064, stack(0x00000064f4700000,0x00000064f4800000)]
  0x000001c7d4e122b0 JavaThread "C1 CompilerThread0" daemon [_thread_blocked, id=13348, stack(0x00000064f4800000,0x00000064f4900000)]
  0x000001c7d4e1abd0 JavaThread "Sweeper thread" daemon [_thread_blocked, id=13416, stack(0x00000064f4900000,0x00000064f4a00000)]
  0x000001c7d4dd70a0 JavaThread "Common-Cleaner" daemon [_thread_blocked, id=8724, stack(0x00000064f4a00000,0x00000064f4b00000)]
  0x000001c816438060 JavaThread "Notification Thread" daemon [_thread_blocked, id=3012, stack(0x00000064f4d00000,0x00000064f4e00000)]
  0x000001c8169512f0 JavaThread "InvokeLaterDispatcher" daemon [_thread_blocked, id=5304, stack(0x00000064f5000000,0x00000064f5100000)]
  0x000001c816bb4610 JavaThread "Thread-2" daemon [_thread_in_native, id=14316, stack(0x00000064f5500000,0x00000064f5600000)]
  0x000001c816cf5df0 JavaThread "mysql-cj-abandoned-connection-cleanup" daemon [_thread_blocked, id=2028, stack(0x00000064f5c00000,0x00000064f5d00000)]
  0x000001c81fc9c170 JavaThread "Prism Font Disposer" daemon [_thread_blocked, id=13472, stack(0x00000064f5d00000,0x00000064f5e00000)]
  0x000001c81fc9ad30 JavaThread "Cleaner-0" daemon [_thread_blocked, id=13224, stack(0x00000064f6300000,0x00000064f6400000)]
  0x000001c8164b3f70 JavaThread "Java2D Disposer" daemon [_thread_blocked, id=17076, stack(0x00000064f6b00000,0x00000064f6c00000)]
  0x000001c8164b7210 JavaThread "AWT-Shutdown" [_thread_blocked, id=8380, stack(0x00000064f6c00000,0x00000064f6d00000)]
  0x000001c8164b8140 JavaThread "AWT-Windows" daemon [_thread_in_native, id=9408, stack(0x00000064f6d00000,0x00000064f6e00000)]
=>0x000001c8164b4990 JavaThread "AWT-EventQueue-0" [_thread_in_native, id=15720, stack(0x00000064f6e00000,0x00000064f6f00000)]
  0x000001c8164b1c00 JavaThread "TimerQueue" daemon [_thread_blocked, id=15992, stack(0x00000064f6800000,0x00000064f6900000)]
  0x000001c8164b2620 JavaThread "SwingNode Disposer" daemon [_thread_blocked, id=6564, stack(0x00000064f9300000,0x00000064f9400000)]
  0x000001c8164b2110 JavaThread "DestroyJavaVM" [_thread_blocked, id=2260, stack(0x00000064f3a00000,0x00000064f3b00000)]

Other Threads:
  0x000001c7d4dea650 VMThread "VM Thread" [stack: 0x00000064f4000000,0x00000064f4100000] [id=14980]
  0x000001c8163a5dd0 WatcherThread [stack: 0x00000064f4e00000,0x00000064f4f00000] [id=14300]
  0x000001c7b499fb70 GCTaskThread "GC Thread#0" [stack: 0x00000064f3b00000,0x00000064f3c00000] [id=3704]
  0x000001c816bb5b20 GCTaskThread "GC Thread#1" [stack: 0x00000064f5700000,0x00000064f5800000] [id=7344]
  0x000001c816b23e50 GCTaskThread "GC Thread#2" [stack: 0x00000064f5800000,0x00000064f5900000] [id=13624]
  0x000001c816be2120 GCTaskThread "GC Thread#3" [stack: 0x00000064f5900000,0x00000064f5a00000] [id=17912]
  0x000001c816be27f0 GCTaskThread "GC Thread#4" [stack: 0x00000064f5a00000,0x00000064f5b00000] [id=1440]
  0x000001c816be2ab0 GCTaskThread "GC Thread#5" [stack: 0x00000064f5b00000,0x00000064f5c00000] [id=17796]
  0x000001c820546ba0 GCTaskThread "GC Thread#6" [stack: 0x00000064f5e00000,0x00000064f5f00000] [id=8576]
  0x000001c82061a830 GCTaskThread "GC Thread#7" [stack: 0x00000064f5f00000,0x00000064f6000000] [id=8036]
  0x000001c7b49b0510 ConcurrentGCThread "G1 Main Marker" [stack: 0x00000064f3c00000,0x00000064f3d00000] [id=4600]
  0x000001c7b49b0fa0 ConcurrentGCThread "G1 Conc#0" [stack: 0x00000064f3d00000,0x00000064f3e00000] [id=2180]
  0x000001c81fa1b860 ConcurrentGCThread "G1 Conc#1" [stack: 0x00000064f4b00000,0x00000064f4c00000] [id=5224]
  0x000001c7b49dea10 ConcurrentGCThread "G1 Refine#0" [stack: 0x00000064f3e00000,0x00000064f3f00000] [id=10428]
  0x000001c828805760 ConcurrentGCThread "G1 Refine#1" [stack: 0x00000064f6700000,0x00000064f6800000] [id=6100]
  0x000001c7d4d7fa00 ConcurrentGCThread "G1 Service" [stack: 0x00000064f3f00000,0x00000064f4000000] [id=5176]

Threads with active compile tasks:

VM state: not at safepoint (normal execution)

VM Mutex/Monitor currently owned by a thread: None

Heap address: 0x0000000082600000, size: 2010 MB, Compressed Oops mode: 32-bit

CDS archive(s) mapped at: [0x000001c7d5000000-0x000001c7d5bb0000-0x000001c7d5bb0000), size 12255232, SharedBaseAddress: 0x000001c7d5000000, ArchiveRelocationMode: 1.
Compressed class space mapped at: 0x000001c7d6000000-0x000001c816000000, reserved size: 1073741824
Narrow klass base: 0x000001c7d5000000, Narrow klass shift: 0, Narrow klass range: 0x100000000

GC Precious Log:
 CPUs: 8 total, 8 available
 Memory: 8036M
 Large Page Support: Disabled
 NUMA Support: Disabled
 Compressed Oops: Enabled (32-bit)
 Heap Region Size: 1M
 Heap Min Capacity: 8M
 Heap Initial Capacity: 126M
 Heap Max Capacity: 2010M
 Pre-touch: Disabled
 Parallel Workers: 8
 Concurrent Workers: 2
 Concurrent Refinement Workers: 8
 Periodic GC: Disabled

Heap:
 garbage-first heap   total 61440K, used 37669K [0x0000000082600000, 0x0000000100000000)
  region size 1024K, 13 young (13312K), 2 survivors (2048K)
 Metaspace       used 34671K, committed 34944K, reserved 1114112K
  class space    used 4500K, committed 4608K, reserved 1048576K

Heap Regions: E=young(eden), S=young(survivor), O=old, HS=humongous(starts), HC=humongous(continues), CS=collection set, F=free, OA=open archive, CA=closed archive, TAMS=top-at-mark-start (previous, next)
|   0|0x0000000082600000, 0x0000000082700000, 0x0000000082700000|100%| O|  |TAMS 0x0000000082700000, 0x0000000082600000| Untracked 
|   1|0x0000000082700000, 0x0000000082800000, 0x0000000082800000|100%| O|  |TAMS 0x0000000082800000, 0x0000000082700000| Untracked 
|   2|0x0000000082800000, 0x0000000082900000, 0x0000000082900000|100%| O|  |TAMS 0x0000000082900000, 0x0000000082800000| Untracked 
|   3|0x0000000082900000, 0x0000000082a00000, 0x0000000082a00000|100%| O|  |TAMS 0x0000000082a00000, 0x0000000082900000| Untracked 
|   4|0x0000000082a00000, 0x0000000082b00000, 0x0000000082b00000|100%| O|  |TAMS 0x0000000082a30000, 0x0000000082a00000| Untracked 
|   5|0x0000000082b00000, 0x0000000082c00000, 0x0000000082c00000|100%|HS|  |TAMS 0x0000000082c00000, 0x0000000082b00000| Complete 
|   6|0x0000000082c00000, 0x0000000082d00000, 0x0000000082d00000|100%|HC|  |TAMS 0x0000000082d00000, 0x0000000082c00000| Complete 
|   7|0x0000000082d00000, 0x0000000082e00000, 0x0000000082e00000|100%| O|  |TAMS 0x0000000082d00000, 0x0000000082d00000| Untracked 
|   8|0x0000000082e00000, 0x0000000082f00000, 0x0000000082f00000|100%| O|  |TAMS 0x0000000082e00000, 0x0000000082e00000| Untracked 
|   9|0x0000000082f00000, 0x0000000083000000, 0x0000000083000000|100%| O|  |TAMS 0x0000000082f00000, 0x0000000082f00000| Untracked 
|  10|0x0000000083000000, 0x0000000083100000, 0x0000000083100000|100%| O|  |TAMS 0x0000000083000000, 0x0000000083000000| Untracked 
|  11|0x0000000083100000, 0x0000000083100000, 0x0000000083200000|  0%| F|  |TAMS 0x0000000083100000, 0x0000000083100000| Untracked 
|  12|0x0000000083200000, 0x0000000083300000, 0x0000000083300000|100%|HS|  |TAMS 0x0000000083200000, 0x0000000083200000| Complete 
|  13|0x0000000083300000, 0x0000000083400000, 0x0000000083400000|100%| O|  |TAMS 0x0000000083300000, 0x0000000083300000| Untracked 
|  14|0x0000000083400000, 0x0000000083500000, 0x0000000083500000|100%| O|  |TAMS 0x0000000083400000, 0x0000000083400000| Untracked 
|  15|0x0000000083500000, 0x0000000083600000, 0x0000000083600000|100%| O|  |TAMS 0x0000000083500000, 0x0000000083500000| Untracked 
|  16|0x0000000083600000, 0x0000000083700000, 0x0000000083700000|100%| O|  |TAMS 0x0000000083600000, 0x0000000083600000| Untracked 
|  17|0x0000000083700000, 0x0000000083800000, 0x0000000083800000|100%| O|  |TAMS 0x0000000083700000, 0x0000000083700000| Untracked 
|  18|0x0000000083800000, 0x0000000083900000, 0x0000000083900000|100%| O|  |TAMS 0x0000000083800000, 0x0000000083800000| Untracked 
|  19|0x0000000083900000, 0x0000000083a00000, 0x0000000083a00000|100%| O|  |TAMS 0x0000000083900000, 0x0000000083900000| Untracked 
|  20|0x0000000083a00000, 0x0000000083b00000, 0x0000000083b00000|100%| O|  |TAMS 0x0000000083a00000, 0x0000000083a00000| Untracked 
|  21|0x0000000083b00000, 0x0000000083b4e200, 0x0000000083c00000| 30%| O|  |TAMS 0x0000000083b00000, 0x0000000083b00000| Untracked 
|  22|0x0000000083c00000, 0x0000000083c00000, 0x0000000083d00000|  0%| F|  |TAMS 0x0000000083c00000, 0x0000000083c00000| Untracked 
|  23|0x0000000083d00000, 0x0000000083d00000, 0x0000000083e00000|  0%| F|  |TAMS 0x0000000083d00000, 0x0000000083d00000| Untracked 
|  24|0x0000000083e00000, 0x0000000083e00000, 0x0000000083f00000|  0%| F|  |TAMS 0x0000000083e00000, 0x0000000083e00000| Untracked 
|  25|0x0000000083f00000, 0x0000000084000000, 0x0000000084000000|100%| O|  |TAMS 0x0000000083f00000, 0x0000000083f00000| Untracked 
|  26|0x0000000084000000, 0x0000000084100000, 0x0000000084100000|100%| O|  |TAMS 0x0000000084000000, 0x0000000084000000| Untracked 
|  27|0x0000000084100000, 0x0000000084200000, 0x0000000084200000|100%| O|  |TAMS 0x0000000084100000, 0x0000000084100000| Untracked 
|  28|0x0000000084200000, 0x0000000084300000, 0x0000000084300000|100%| O|  |TAMS 0x0000000084200000, 0x0000000084200000| Untracked 
|  29|0x0000000084300000, 0x0000000084400000, 0x0000000084400000|100%| O|  |TAMS 0x0000000084300000, 0x0000000084300000| Untracked 
|  30|0x0000000084400000, 0x0000000084400000, 0x0000000084500000|  0%| F|  |TAMS 0x0000000084400000, 0x0000000084400000| Untracked 
|  31|0x0000000084500000, 0x0000000084500000, 0x0000000084600000|  0%| F|  |TAMS 0x0000000084500000, 0x0000000084500000| Untracked 
|  32|0x0000000084600000, 0x0000000084600000, 0x0000000084700000|  0%| F|  |TAMS 0x0000000084600000, 0x0000000084600000| Untracked 
|  33|0x0000000084700000, 0x0000000084700000, 0x0000000084800000|  0%| F|  |TAMS 0x0000000084700000, 0x0000000084700000| Untracked 
|  34|0x0000000084800000, 0x0000000084800000, 0x0000000084900000|  0%| F|  |TAMS 0x0000000084800000, 0x0000000084800000| Untracked 
|  35|0x0000000084900000, 0x000000008497b4d0, 0x0000000084a00000| 48%| S|CS|TAMS 0x0000000084900000, 0x0000000084900000| Complete 
|  36|0x0000000084a00000, 0x0000000084a00000, 0x0000000084b00000|  0%| F|  |TAMS 0x0000000084a00000, 0x0000000084a00000| Untracked 
|  37|0x0000000084b00000, 0x0000000084b00000, 0x0000000084c00000|  0%| F|  |TAMS 0x0000000084b00000, 0x0000000084b00000| Untracked 
|  38|0x0000000084c00000, 0x0000000084c00000, 0x0000000084d00000|  0%| F|  |TAMS 0x0000000084c00000, 0x0000000084c00000| Untracked 
|  39|0x0000000084d00000, 0x0000000084e00000, 0x0000000084e00000|100%| S|CS|TAMS 0x0000000084d00000, 0x0000000084d00000| Complete 
|  40|0x0000000084e00000, 0x0000000084e00000, 0x0000000084f00000|  0%| F|  |TAMS 0x0000000084e00000, 0x0000000084e00000| Untracked 
|  41|0x0000000084f00000, 0x0000000084f00000, 0x0000000085000000|  0%| F|  |TAMS 0x0000000084f00000, 0x0000000084f00000| Untracked 
|  42|0x0000000085000000, 0x0000000085000000, 0x0000000085100000|  0%| F|  |TAMS 0x0000000085000000, 0x0000000085000000| Untracked 
|  43|0x0000000085100000, 0x0000000085100000, 0x0000000085200000|  0%| F|  |TAMS 0x0000000085100000, 0x0000000085100000| Untracked 
|  44|0x0000000085200000, 0x0000000085200000, 0x0000000085300000|  0%| F|  |TAMS 0x0000000085200000, 0x0000000085200000| Untracked 
|  45|0x0000000085300000, 0x0000000085300000, 0x0000000085400000|  0%| F|  |TAMS 0x0000000085300000, 0x0000000085300000| Untracked 
|  46|0x0000000085400000, 0x0000000085400000, 0x0000000085500000|  0%| F|  |TAMS 0x0000000085400000, 0x0000000085400000| Untracked 
|  47|0x0000000085500000, 0x0000000085500000, 0x0000000085600000|  0%| F|  |TAMS 0x0000000085500000, 0x0000000085500000| Untracked 
|  48|0x0000000085600000, 0x0000000085600000, 0x0000000085700000|  0%| F|  |TAMS 0x0000000085600000, 0x0000000085600000| Untracked 
|  49|0x0000000085700000, 0x0000000085724b88, 0x0000000085800000| 14%| E|  |TAMS 0x0000000085700000, 0x0000000085700000| Complete 
|  50|0x0000000085800000, 0x0000000085900000, 0x0000000085900000|100%| E|CS|TAMS 0x0000000085800000, 0x0000000085800000| Complete 
|  51|0x0000000085900000, 0x0000000085a00000, 0x0000000085a00000|100%| E|CS|TAMS 0x0000000085900000, 0x0000000085900000| Complete 
|  52|0x0000000085a00000, 0x0000000085b00000, 0x0000000085b00000|100%| E|CS|TAMS 0x0000000085a00000, 0x0000000085a00000| Complete 
|  53|0x0000000085b00000, 0x0000000085c00000, 0x0000000085c00000|100%| E|CS|TAMS 0x0000000085b00000, 0x0000000085b00000| Complete 
|  80|0x0000000087600000, 0x0000000087700000, 0x0000000087700000|100%| E|CS|TAMS 0x0000000087600000, 0x0000000087600000| Complete 
|  81|0x0000000087700000, 0x0000000087800000, 0x0000000087800000|100%| E|CS|TAMS 0x0000000087700000, 0x0000000087700000| Complete 
|  82|0x0000000087800000, 0x0000000087900000, 0x0000000087900000|100%| E|CS|TAMS 0x0000000087800000, 0x0000000087800000| Complete 
|  83|0x0000000087900000, 0x0000000087a00000, 0x0000000087a00000|100%| E|CS|TAMS 0x0000000087900000, 0x0000000087900000| Complete 
|  84|0x0000000087a00000, 0x0000000087b00000, 0x0000000087b00000|100%| E|CS|TAMS 0x0000000087a00000, 0x0000000087a00000| Complete 
| 125|0x000000008a300000, 0x000000008a400000, 0x000000008a400000|100%| E|CS|TAMS 0x000000008a300000, 0x000000008a300000| Complete 

Card table byte_map: [0x000001c7cdd50000,0x000001c7ce140000] _byte_map_base: 0x000001c7cd93d000

Marking Bits (Prev, Next): (CMBitMap*) 0x000001c7b49a00e0, (CMBitMap*) 0x000001c7b49a00a0
 Prev Bits: [0x000001c7d04a0000, 0x000001c7d2408000)
 Next Bits: [0x000001c7ce530000, 0x000001c7d0498000)

Polling page: 0x000001c7bded0000

Metaspace:

Usage:
  Non-class:     29.46 MB used.
      Class:      4.39 MB used.
       Both:     33.86 MB used.

Virtual space:
  Non-class space:       64.00 MB reserved,      29.62 MB ( 46%) committed,  1 nodes.
      Class space:        1.00 GB reserved,       4.50 MB ( <1%) committed,  1 nodes.
             Both:        1.06 GB reserved,      34.12 MB (  3%) committed. 

Chunk freelists:
   Non-Class:  2.28 MB
       Class:  11.51 MB
        Both:  13.79 MB

MaxMetaspaceSize: unlimited
CompressedClassSpaceSize: 1.00 GB
Initial GC threshold: 21.00 MB
Current GC threshold: 35.44 MB
CDS: on
MetaspaceReclaimPolicy: balanced
 - commit_granule_bytes: 65536.
 - commit_granule_words: 8192.
 - virtual_space_node_default_size: 8388608.
 - enlarge_chunks_in_place: 1.
 - new_chunks_are_fully_committed: 0.
 - uncommit_free_chunks: 1.
 - use_allocation_guard: 0.
 - handle_deallocations: 1.


Internal statistics:

num_allocs_failed_limit: 3.
num_arena_births: 326.
num_arena_deaths: 0.
num_vsnodes_births: 2.
num_vsnodes_deaths: 0.
num_space_committed: 546.
num_space_uncommitted: 0.
num_chunks_returned_to_freelist: 3.
num_chunks_taken_from_freelist: 1202.
num_chunk_merges: 0.
num_chunk_splits: 821.
num_chunks_enlarged: 640.
num_inconsistent_stats: 0.

CodeHeap 'non-profiled nmethods': size=120000Kb used=3085Kb max_used=3406Kb free=116914Kb
 bounds [0x000001c7c59c0000, 0x000001c7c5d20000, 0x000001c7ccef0000]
CodeHeap 'profiled nmethods': size=120000Kb used=9556Kb max_used=11633Kb free=110443Kb
 bounds [0x000001c7bdef0000, 0x000001c7bea50000, 0x000001c7c5420000]
CodeHeap 'non-nmethods': size=5760Kb used=1607Kb max_used=1670Kb free=4152Kb
 bounds [0x000001c7c5420000, 0x000001c7c5690000, 0x000001c7c59c0000]
 total_blobs=6057 nmethods=5042 adapters=927
 compilation: enabled
              stopped_count=0, restarted_count=0
 full_count=0

Compilation events (20 events):
Event: 330.295 Thread 0x000001c7d4e122b0 5966       3       jdk.internal.loader.BuiltinClassLoader::findResourceOnClassPath (41 bytes)
Event: 330.296 Thread 0x000001c7d4e122b0 nmethod 5966 0x000001c7be24c710 code [0x000001c7be24c940, 0x000001c7be24d1f8]
Event: 348.974 Thread 0x000001c7d4e122b0 5967   !   3       java.util.concurrent.DelayQueue::take (214 bytes)
Event: 348.979 Thread 0x000001c7d4e122b0 nmethod 5967 0x000001c7bdfe3a10 code [0x000001c7bdfe3de0, 0x000001c7bdfe5948]
Event: 350.442 Thread 0x000001c7d4e122b0 5968       3       java.util.concurrent.locks.AbstractQueuedSynchronizer$ExclusiveNode::<init> (5 bytes)
Event: 350.442 Thread 0x000001c7d4e122b0 nmethod 5968 0x000001c7be190a10 code [0x000001c7be190bc0, 0x000001c7be190d78]
Event: 386.859 Thread 0x000001c7d4e118f0 5969       4       java.lang.Thread::interrupted (23 bytes)
Event: 386.861 Thread 0x000001c7d4e118f0 nmethod 5969 0x000001c7c5c8be90 code [0x000001c7c5c8c020, 0x000001c7c5c8c0c8]
Event: 392.254 Thread 0x000001c7d4e122b0 5970       3       java.util.concurrent.locks.AbstractQueuedSynchronizer::tryInitializeHead (29 bytes)
Event: 392.255 Thread 0x000001c7d4e122b0 nmethod 5970 0x000001c7bdf51e10 code [0x000001c7bdf51fc0, 0x000001c7bdf52358]
Event: 409.748 Thread 0x000001c7d4e122b0 5971       3       java.util.concurrent.locks.ReentrantLock$NonfairSync::tryAcquire (27 bytes)
Event: 409.749 Thread 0x000001c7d4e122b0 nmethod 5971 0x000001c7be142990 code [0x000001c7be142b40, 0x000001c7be142dc8]
Event: 413.689 Thread 0x000001c7d4e122b0 5972       3       java.util.concurrent.locks.LockSupport::park (23 bytes)
Event: 413.690 Thread 0x000001c7d4e122b0 nmethod 5972 0x000001c7be1d1590 code [0x000001c7be1d1740, 0x000001c7be1d1908]
Event: 550.630 Thread 0x000001c7d4e122b0 5973       3       java.lang.ClassLoader::getResource (41 bytes)
Event: 550.631 Thread 0x000001c7d4e122b0 nmethod 5973 0x000001c7be159a90 code [0x000001c7be159c80, 0x000001c7be15a278]
Event: 582.017 Thread 0x000001c7d4e118f0 5974   !   4       java.util.concurrent.DelayQueue::take (214 bytes)
Event: 582.208 Thread 0x000001c7d4e118f0 nmethod 5974 0x000001c7c5ae6b90 code [0x000001c7c5ae6ea0, 0x000001c7c5ae9298]
Event: 600.787 Thread 0x000001c7d4e122b0 5975       1       jdk.internal.loader.URLClassPath$FileLoader$1::getURL (5 bytes)
Event: 600.787 Thread 0x000001c7d4e122b0 nmethod 5975 0x000001c7c5c8ba90 code [0x000001c7c5c8bc20, 0x000001c7c5c8bcf8]

GC Heap History (20 events):
Event: 0.466 GC heap before
{Heap before GC invocations=0 (full 0):
 garbage-first heap   total 129024K, used 22528K [0x0000000082600000, 0x0000000100000000)
  region size 1024K, 23 young (23552K), 0 survivors (0K)
 Metaspace       used 4082K, committed 4288K, reserved 1114112K
  class space    used 478K, committed 576K, reserved 1048576K
}
Event: 0.469 GC heap after
{Heap after GC invocations=1 (full 0):
 garbage-first heap   total 129024K, used 3503K [0x0000000082600000, 0x0000000100000000)
  region size 1024K, 3 young (3072K), 3 survivors (3072K)
 Metaspace       used 4082K, committed 4288K, reserved 1114112K
  class space    used 478K, committed 576K, reserved 1048576K
}
Event: 1.087 GC heap before
{Heap before GC invocations=1 (full 0):
 garbage-first heap   total 129024K, used 36271K [0x0000000082600000, 0x0000000100000000)
  region size 1024K, 35 young (35840K), 3 survivors (3072K)
 Metaspace       used 13462K, committed 13696K, reserved 1114112K
  class space    used 1713K, committed 1856K, reserved 1048576K
}
Event: 1.095 GC heap after
{Heap after GC invocations=2 (full 0):
 garbage-first heap   total 129024K, used 9408K [0x0000000082600000, 0x0000000100000000)
  region size 1024K, 5 young (5120K), 5 survivors (5120K)
 Metaspace       used 13462K, committed 13696K, reserved 1114112K
  class space    used 1713K, committed 1856K, reserved 1048576K
}
Event: 7.423 GC heap before
{Heap before GC invocations=2 (full 0):
 garbage-first heap   total 129024K, used 47296K [0x0000000082600000, 0x0000000100000000)
  region size 1024K, 41 young (41984K), 5 survivors (5120K)
 Metaspace       used 21309K, committed 21504K, reserved 1114112K
  class space    used 2978K, committed 3072K, reserved 1048576K
}
Event: 7.430 GC heap after
{Heap after GC invocations=3 (full 0):
 garbage-first heap   total 129024K, used 16424K [0x0000000082600000, 0x0000000100000000)
  region size 1024K, 5 young (5120K), 5 survivors (5120K)
 Metaspace       used 21309K, committed 21504K, reserved 1114112K
  class space    used 2978K, committed 3072K, reserved 1048576K
}
Event: 9.913 GC heap before
{Heap before GC invocations=4 (full 0):
 garbage-first heap   total 61440K, used 47144K [0x0000000082600000, 0x0000000100000000)
  region size 1024K, 35 young (35840K), 5 survivors (5120K)
 Metaspace       used 27622K, committed 27904K, reserved 1114112K
  class space    used 3670K, committed 3840K, reserved 1048576K
}
Event: 9.920 GC heap after
{Heap after GC invocations=5 (full 0):
 garbage-first heap   total 61440K, used 24226K [0x0000000082600000, 0x0000000100000000)
  region size 1024K, 5 young (5120K), 5 survivors (5120K)
 Metaspace       used 27622K, committed 27904K, reserved 1114112K
  class space    used 3670K, committed 3840K, reserved 1048576K
}
Event: 9.960 GC heap before
{Heap before GC invocations=5 (full 0):
 garbage-first heap   total 61440K, used 25250K [0x0000000082600000, 0x0000000100000000)
  region size 1024K, 6 young (6144K), 5 survivors (5120K)
 Metaspace       used 28274K, committed 28544K, reserved 1114112K
  class space    used 3737K, committed 3904K, reserved 1048576K
}
Event: 9.963 GC heap after
{Heap after GC invocations=6 (full 0):
 garbage-first heap   total 61440K, used 25090K [0x0000000082600000, 0x0000000100000000)
  region size 1024K, 1 young (1024K), 1 survivors (1024K)
 Metaspace       used 28274K, committed 28544K, reserved 1114112K
  class space    used 3737K, committed 3904K, reserved 1048576K
}
Event: 11.689 GC heap before
{Heap before GC invocations=6 (full 0):
 garbage-first heap   total 61440K, used 43522K [0x0000000082600000, 0x0000000100000000)
  region size 1024K, 19 young (19456K), 1 survivors (1024K)
 Metaspace       used 33531K, committed 33792K, reserved 1114112K
  class space    used 4374K, committed 4544K, reserved 1048576K
}
Event: 11.692 GC heap after
{Heap after GC invocations=7 (full 0):
 garbage-first heap   total 61440K, used 26039K [0x0000000082600000, 0x0000000100000000)
  region size 1024K, 2 young (2048K), 2 survivors (2048K)
 Metaspace       used 33531K, committed 33792K, reserved 1114112K
  class space    used 4374K, committed 4544K, reserved 1048576K
}
Event: 60.183 GC heap before
{Heap before GC invocations=7 (full 0):
 garbage-first heap   total 61440K, used 45495K [0x0000000082600000, 0x0000000100000000)
  region size 1024K, 21 young (21504K), 2 survivors (2048K)
 Metaspace       used 34610K, committed 34944K, reserved 1114112K
  class space    used 4487K, committed 4608K, reserved 1048576K
}
Event: 60.185 GC heap after
{Heap after GC invocations=8 (full 0):
 garbage-first heap   total 61440K, used 28109K [0x0000000082600000, 0x0000000100000000)
  region size 1024K, 3 young (3072K), 3 survivors (3072K)
 Metaspace       used 34610K, committed 34944K, reserved 1114112K
  class space    used 4487K, committed 4608K, reserved 1048576K
}
Event: 224.533 GC heap before
{Heap before GC invocations=8 (full 0):
 garbage-first heap   total 61440K, used 46541K [0x0000000082600000, 0x0000000100000000)
  region size 1024K, 21 young (21504K), 3 survivors (3072K)
 Metaspace       used 34659K, committed 34944K, reserved 1114112K
  class space    used 4499K, committed 4608K, reserved 1048576K
}
Event: 224.535 GC heap after
{Heap after GC invocations=9 (full 0):
 garbage-first heap   total 61440K, used 27405K [0x0000000082600000, 0x0000000100000000)
  region size 1024K, 2 young (2048K), 2 survivors (2048K)
 Metaspace       used 34659K, committed 34944K, reserved 1114112K
  class space    used 4499K, committed 4608K, reserved 1048576K
}
Event: 471.839 GC heap before
{Heap before GC invocations=9 (full 0):
 garbage-first heap   total 61440K, used 46861K [0x0000000082600000, 0x0000000100000000)
  region size 1024K, 21 young (21504K), 2 survivors (2048K)
 Metaspace       used 34666K, committed 34944K, reserved 1114112K
  class space    used 4499K, committed 4608K, reserved 1048576K
}
Event: 471.843 GC heap after
{Heap after GC invocations=10 (full 0):
 garbage-first heap   total 61440K, used 28429K [0x0000000082600000, 0x0000000100000000)
  region size 1024K, 3 young (3072K), 3 survivors (3072K)
 Metaspace       used 34666K, committed 34944K, reserved 1114112K
  class space    used 4499K, committed 4608K, reserved 1048576K
}
Event: 751.991 GC heap before
{Heap before GC invocations=10 (full 0):
 garbage-first heap   total 61440K, used 48909K [0x0000000082600000, 0x0000000100000000)
  region size 1024K, 23 young (23552K), 3 survivors (3072K)
 Metaspace       used 34668K, committed 34944K, reserved 1114112K
  class space    used 4499K, committed 4608K, reserved 1048576K
}
Event: 751.994 GC heap after
{Heap after GC invocations=11 (full 0):
 garbage-first heap   total 61440K, used 27429K [0x0000000082600000, 0x0000000100000000)
  region size 1024K, 2 young (2048K), 2 survivors (2048K)
 Metaspace       used 34668K, committed 34944K, reserved 1114112K
  class space    used 4499K, committed 4608K, reserved 1048576K
}

Dll operation events (20 events):
Event: 0.275 Loaded shared library C:\Users\msi\.openjfx\cache\17.0.14\vcruntime140.dll
Event: 0.277 Loaded shared library C:\Users\msi\.openjfx\cache\17.0.14\vcruntime140_1.dll
Event: 0.282 Loaded shared library C:\Users\msi\.openjfx\cache\17.0.14\msvcp140.dll
Event: 0.284 Loaded shared library C:\Users\msi\.openjfx\cache\17.0.14\msvcp140_1.dll
Event: 0.288 Loaded shared library C:\Users\msi\.openjfx\cache\17.0.14\msvcp140_2.dll
Event: 0.314 Loaded shared library C:\Users\msi\.openjfx\cache\17.0.14\prism_d3d.dll
Event: 0.350 Loaded shared library C:\Users\msi\.openjfx\cache\17.0.14\glass.dll
Event: 0.451 Loaded shared library C:\Program Files\Java\OpenJDK17U-jdk_x64_windows_hotspot_17.0.14_7\jdk-17.0.14+7\bin\jimage.dll
Event: 0.601 Loaded shared library C:\Program Files\Java\OpenJDK17U-jdk_x64_windows_hotspot_17.0.14_7\jdk-17.0.14+7\bin\extnet.dll
Event: 0.856 Loaded shared library C:\Users\msi\.openjfx\cache\17.0.14\javafx_iio.dll
Event: 0.896 Loaded shared library C:\Users\msi\.openjfx\cache\17.0.14\javafx_font.dll
Event: 9.318 Loaded shared library C:\Program Files\Java\OpenJDK17U-jdk_x64_windows_hotspot_17.0.14_7\jdk-17.0.14+7\bin\sunmscapi.dll
Event: 10.255 Loaded shared library C:\Program Files\Java\OpenJDK17U-jdk_x64_windows_hotspot_17.0.14_7\jdk-17.0.14+7\bin\jawt.dll
Event: 10.271 Loaded shared library C:\Users\msi\OneDrive\Bureau\projetJAVA\PI-SenareNovo-Java\windows-amd64\bin\lib\win64\chrome_elf.dll
Event: 10.321 Loaded shared library C:\Users\msi\OneDrive\Bureau\projetJAVA\PI-SenareNovo-Java\windows-amd64\bin\lib\win64\libcef.dll
Event: 10.325 Loaded shared library C:\Users\msi\OneDrive\Bureau\projetJAVA\PI-SenareNovo-Java\windows-amd64\bin\lib\win64\jcef.dll
Event: 10.340 Loaded shared library C:\Program Files\Java\OpenJDK17U-jdk_x64_windows_hotspot_17.0.14_7\jdk-17.0.14+7\bin\awt.dll
Event: 11.515 Loaded shared library C:\Users\msi\.openjfx\cache\17.0.14\prism_common.dll
Event: 11.668 Loaded shared library C:\Program Files\Java\OpenJDK17U-jdk_x64_windows_hotspot_17.0.14_7\jdk-17.0.14+7\bin\freetype.dll
Event: 11.674 Loaded shared library C:\Program Files\Java\OpenJDK17U-jdk_x64_windows_hotspot_17.0.14_7\jdk-17.0.14+7\bin\fontmanager.dll

Deoptimization events (20 events):
Event: 62.333 Thread 0x000001c8164b4990 Uncommon trap: trap_request=0xffffff45 fr.pc=0x000001c7c5bf58b8 relative=0x0000000000000098
Event: 62.333 Thread 0x000001c8164b4990 Uncommon trap: reason=unstable_if action=reinterpret pc=0x000001c7c5bf58b8 method=sun.awt.AWTAutoShutdown.isReadyToShutdown()Z @ 16 c2
Event: 62.333 Thread 0x000001c8164b4990 DEOPT PACKING pc=0x000001c7c5bf58b8 sp=0x00000064f6efe4a0
Event: 62.333 Thread 0x000001c8164b4990 DEOPT UNPACKING pc=0x000001c7c54769a3 sp=0x00000064f6efe440 mode 2
Event: 98.756 Thread 0x000001c8164b4990 Uncommon trap: trap_request=0xffffff6e fr.pc=0x000001c7c5c1de28 relative=0x0000000000000308
Event: 98.756 Thread 0x000001c8164b4990 Uncommon trap: reason=loop_limit_check action=maybe_recompile pc=0x000001c7c5c1de28 method=java.awt.EventDispatchThread.filterAndCheckEvent(Ljava/awt/AWTEvent;)Z @ 22 c2
Event: 98.756 Thread 0x000001c8164b4990 DEOPT PACKING pc=0x000001c7c5c1de28 sp=0x00000064f6eff0f0
Event: 98.756 Thread 0x000001c8164b4990 DEOPT UNPACKING pc=0x000001c7c54769a3 sp=0x00000064f6eff080 mode 2
Event: 247.750 Thread 0x000001c8164b4990 Uncommon trap: trap_request=0xffffff45 fr.pc=0x000001c7c5a4d058 relative=0x0000000000001878
Event: 247.750 Thread 0x000001c8164b4990 Uncommon trap: reason=unstable_if action=reinterpret pc=0x000001c7c5a4d058 method=java.util.concurrent.locks.AbstractQueuedSynchronizer.acquire(Ljava/util/concurrent/locks/AbstractQueuedSynchronizer$Node;IZZZJ)I @ 298 c2
Event: 247.750 Thread 0x000001c8164b4990 DEOPT PACKING pc=0x000001c7c5a4d058 sp=0x00000064f6efedd0
Event: 247.750 Thread 0x000001c8164b4990 DEOPT UNPACKING pc=0x000001c7c54769a3 sp=0x00000064f6efedc0 mode 2
Event: 323.159 Thread 0x000001c8164b4990 Uncommon trap: trap_request=0xffffff45 fr.pc=0x000001c7c5ba4864 relative=0x0000000000000164
Event: 323.159 Thread 0x000001c8164b4990 Uncommon trap: reason=unstable_if action=reinterpret pc=0x000001c7c5ba4864 method=java.util.concurrent.locks.ReentrantLock$NonfairSync.tryAcquire(I)Z @ 13 c2
Event: 323.159 Thread 0x000001c8164b4990 DEOPT PACKING pc=0x000001c7c5ba4864 sp=0x00000064f6efeea0
Event: 323.159 Thread 0x000001c8164b4990 DEOPT UNPACKING pc=0x000001c7c54769a3 sp=0x00000064f6efee50 mode 2
Event: 342.864 Thread 0x000001c8164b1c00 Uncommon trap: trap_request=0xffffff45 fr.pc=0x000001c7c5a6197c relative=0x0000000000000dfc
Event: 342.864 Thread 0x000001c8164b1c00 Uncommon trap: reason=unstable_if action=reinterpret pc=0x000001c7c5a6197c method=java.util.concurrent.locks.ReentrantLock$Sync.lockInterruptibly()V @ 18 c2
Event: 342.864 Thread 0x000001c8164b1c00 DEOPT PACKING pc=0x000001c7c5a6197c sp=0x00000064f68ff000
Event: 342.864 Thread 0x000001c8164b1c00 DEOPT UNPACKING pc=0x000001c7c54769a3 sp=0x00000064f68feee8 mode 2

Classes loaded (20 events):
Event: 54.811 Loading class java/text/AttributedCharacterIterator done
Event: 54.811 Loading class java/text/AttributedString$AttributedStringIterator done
Event: 54.811 Loading class javax/swing/MenuSelectionManager
Event: 54.811 Loading class javax/swing/MenuSelectionManager done
Event: 55.066 Loading class java/awt/Scrollbar
Event: 55.066 Loading class java/awt/Adjustable
Event: 55.067 Loading class java/awt/Adjustable done
Event: 55.067 Loading class java/awt/Scrollbar done
Event: 62.319 Loading class java/awt/Window$1DisposeAction
Event: 62.319 Loading class java/awt/Window$1DisposeAction done
Event: 62.320 Loading class java/awt/IllegalComponentStateException
Event: 62.320 Loading class java/awt/IllegalComponentStateException done
Event: 62.333 Loading class java/awt/LightweightDispatcher$2
Event: 62.333 Loading class java/awt/LightweightDispatcher$2 done
Event: 62.333 Loading class java/awt/event/AWTEventListenerProxy
Event: 62.333 Loading class java/awt/event/AWTEventListenerProxy done
Event: 62.333 Loading class java/awt/Toolkit$ToolkitEventMulticaster
Event: 62.333 Loading class java/awt/Toolkit$ToolkitEventMulticaster done
Event: 111.735 Loading class java/security/DomainCombiner
Event: 111.736 Loading class java/security/DomainCombiner done

Classes unloaded (0 events):
No events

Classes redefined (0 events):
No events

Internal exceptions (20 events):
Event: 7.485 Thread 0x000001c81695ecf0 Exception <a 'java/io/FileNotFoundException'{0x0000000085a60fb8}> (0x0000000085a60fb8) 
thrown [s\src\hotspot\share\prims\jni.cpp, line 516]
Event: 7.529 Thread 0x000001c81695ecf0 Exception <a 'java/lang/NoSuchMethodError'{0x00000000858fe450}: 'int java.lang.invoke.DirectMethodHandle$Holder.invokeSpecial(java.lang.Object, java.lang.Object, int)'> (0x00000000858fe450) 
thrown [s\src\hotspot\share\interpreter\linkResolver.cpp, line 759]
Event: 9.179 Thread 0x000001c81fc9b240 Exception <a 'sun/nio/fs/WindowsException'{0x00000000847c67b8}> (0x00000000847c67b8) 
thrown [s\src\hotspot\share\prims\jni.cpp, line 516]
Event: 9.187 Thread 0x000001c81fc9b240 Exception <a 'java/lang/NoSuchMethodError'{0x00000000847eb758}: 'int java.lang.invoke.DirectMethodHandle$Holder.invokeStaticInit(java.lang.Object, java.lang.Object, java.lang.Object, java.lang.Object)'> (0x00000000847eb758) 
thrown [s\src\hotspot\share\interpreter\linkResolver.cpp, line 759]
Event: 9.188 Thread 0x000001c81fc9b240 Exception <a 'java/lang/IncompatibleClassChangeError'{0x00000000847f4af8}: Found class java.lang.Object, but interface was expected> (0x00000000847f4af8) 
thrown [s\src\hotspot\share\interpreter\linkResolver.cpp, line 826]
Event: 9.264 Thread 0x000001c81fc9b240 Exception <a 'java/lang/NoSuchMethodError'{0x00000000840032f0}: 'java.lang.Object java.lang.invoke.DirectMethodHandle$Holder.invokeStaticInit(java.lang.Object, int, int, int, int)'> (0x00000000840032f0) 
thrown [s\src\hotspot\share\interpreter\linkResolver.cpp, line 759]
Event: 9.298 Thread 0x000001c81fc9b240 Exception <a 'java/lang/NoSuchMethodError'{0x00000000840b4910}: 'java.lang.Object java.lang.invoke.DirectMethodHandle$Holder.invokeStaticInit(java.lang.Object, java.lang.Object, int, int, int, int)'> (0x00000000840b4910) 
thrown [s\src\hotspot\share\interpreter\linkResolver.cpp, line 759]
Event: 10.333 Thread 0x000001c8164b5dd0 Exception <a 'java/lang/ClassNotFoundException'{0x000000008761d700}: sun/awt/resources/spi/awtProvider> (0x000000008761d700) 
thrown [s\src\hotspot\share\classfile\systemDictionary.cpp, line 256]
Event: 10.342 Thread 0x000001c8164b5dd0 Exception <a 'java/io/FileNotFoundException'{0x0000000087620620}> (0x0000000087620620) 
thrown [s\src\hotspot\share\prims\jni.cpp, line 516]
Event: 10.342 Thread 0x000001c8164b5dd0 Exception <a 'java/io/FileNotFoundException'{0x0000000087621b40}> (0x0000000087621b40) 
thrown [s\src\hotspot\share\prims\jni.cpp, line 516]
Event: 11.468 Thread 0x000001c81695ecf0 Exception <a 'java/lang/NoSuchMethodError'{0x00000000854cb740}: 'java.lang.Object java.lang.invoke.DirectMethodHandle$Holder.invokeStatic(java.lang.Object, int, java.lang.Object, java.lang.Object, java.lang.Object, java.lang.Object)'> (0x00000000854cb740) 
thrown [s\src\hotspot\share\interpreter\linkResolver.cpp, line 759]
Event: 11.471 Thread 0x000001c81695ecf0 Exception <a 'java/lang/NoSuchMethodError'{0x00000000854f1340}: 'java.lang.Object java.lang.invoke.DirectMethodHandle$Holder.invokeStatic(java.lang.Object, int, java.lang.Object)'> (0x00000000854f1340) 
thrown [s\src\hotspot\share\interpreter\linkResolver.cpp, line 759]
Event: 11.491 Thread 0x000001c81695ecf0 Exception <a 'java/lang/ClassNotFoundException'{0x00000000853a8ce8}: com/sun/swing/internal/plaf/metal/resources/spi/metalProvider> (0x00000000853a8ce8) 
thrown [s\src\hotspot\share\classfile\systemDictionary.cpp, line 256]
Event: 11.492 Thread 0x000001c81695ecf0 Exception <a 'java/lang/ClassNotFoundException'{0x00000000853ad808}: com/sun/swing/internal/plaf/basic/resources/spi/basicProvider> (0x00000000853ad808) 
thrown [s\src\hotspot\share\classfile\systemDictionary.cpp, line 256]
Event: 11.557 Thread 0x000001c8164b4990 Exception <a 'java/io/FileNotFoundException'{0x0000000085175a78}> (0x0000000085175a78) 
thrown [s\src\hotspot\share\prims\jni.cpp, line 516]
Event: 11.630 Thread 0x000001c8164b4990 Exception <a 'java/lang/NoSuchMethodError'{0x0000000084f08b50}: 'void java.lang.invoke.DirectMethodHandle$Holder.invokeSpecial(java.lang.Object, java.lang.Object, int, int)'> (0x0000000084f08b50) 
thrown [s\src\hotspot\share\interpreter\linkResolver.cpp, line 759]
Event: 11.630 Thread 0x000001c8164b4990 Exception <a 'java/lang/NoSuchMethodError'{0x0000000084f0f5c0}: 'java.lang.Object java.lang.invoke.DirectMethodHandle$Holder.newInvokeSpecial(java.lang.Object, java.lang.Object, int, int)'> (0x0000000084f0f5c0) 
thrown [s\src\hotspot\share\interpreter\linkResolver.cpp, line 759]
Event: 11.702 Thread 0x000001c8164b4990 Exception <a 'java/lang/NoSuchMethodError'{0x000000008a30f508}: 'void java.lang.invoke.DirectMethodHandle$Holder.invokeVirtual(java.lang.Object, java.lang.Object)'> (0x000000008a30f508) 
thrown [s\src\hotspot\share\interpreter\linkResolver.cpp, line 759]
Event: 11.742 Thread 0x000001c81695ecf0 Exception <a 'java/lang/NoSuchMethodError'{0x000000008a35cce8}: 'java.lang.Object java.lang.invoke.DirectMethodHandle$Holder.newInvokeSpecial(java.lang.Object, java.lang.Object, double, double)'> (0x000000008a35cce8) 
thrown [s\src\hotspot\share\interpreter\linkResolver.cpp, line 759]
Event: 11.762 Thread 0x000001c8164b4990 Exception <a 'java/lang/NoSuchMethodError'{0x0000000087ab1600}: 'java.lang.Object java.lang.invoke.DirectMethodHandle$Holder.newInvokeSpecial(java.lang.Object, java.lang.Object, int, int, int, int)'> (0x0000000087ab1600) 
thrown [s\src\hotspot\share\interpreter\linkResolver.cpp, line 759]

VM Operations (20 events):
Event: 94.417 Executing VM operation: Cleanup
Event: 94.417 Executing VM operation: Cleanup done
Event: 99.458 Executing VM operation: Cleanup
Event: 99.458 Executing VM operation: Cleanup done
Event: 120.356 Executing VM operation: HandshakeAllThreads
Event: 120.356 Executing VM operation: HandshakeAllThreads done
Event: 224.533 Executing VM operation: G1CollectForAllocation
Event: 224.535 Executing VM operation: G1CollectForAllocation done
Event: 240.486 Executing VM operation: HandshakeAllThreads
Event: 240.486 Executing VM operation: HandshakeAllThreads done
Event: 324.136 Executing VM operation: Cleanup
Event: 324.136 Executing VM operation: Cleanup done
Event: 409.927 Executing VM operation: Cleanup
Event: 409.927 Executing VM operation: Cleanup done
Event: 471.839 Executing VM operation: G1CollectForAllocation
Event: 471.843 Executing VM operation: G1CollectForAllocation done
Event: 556.403 Executing VM operation: Cleanup
Event: 556.403 Executing VM operation: Cleanup done
Event: 751.991 Executing VM operation: G1CollectForAllocation
Event: 751.994 Executing VM operation: G1CollectForAllocation done

Memory protections (0 events):
No events

Nmethod flushes (20 events):
Event: 49.177 Thread 0x000001c7d4e1abd0 flushing  nmethod 0x000001c7be92bc10
Event: 49.177 Thread 0x000001c7d4e1abd0 flushing  nmethod 0x000001c7be938390
Event: 49.177 Thread 0x000001c7d4e1abd0 flushing  nmethod 0x000001c7be93dc90
Event: 49.177 Thread 0x000001c7d4e1abd0 flushing  nmethod 0x000001c7be93ea10
Event: 49.178 Thread 0x000001c7d4e1abd0 flushing  nmethod 0x000001c7be95df10
Event: 49.178 Thread 0x000001c7d4e1abd0 flushing  nmethod 0x000001c7be95e690
Event: 49.178 Thread 0x000001c7d4e1abd0 flushing  nmethod 0x000001c7be964310
Event: 49.178 Thread 0x000001c7d4e1abd0 flushing  nmethod 0x000001c7be973b90
Event: 49.178 Thread 0x000001c7d4e1abd0 flushing  nmethod 0x000001c7be986690
Event: 49.178 Thread 0x000001c7d4e1abd0 flushing  nmethod 0x000001c7be98b810
Event: 49.178 Thread 0x000001c7d4e1abd0 flushing  nmethod 0x000001c7be98c710
Event: 49.178 Thread 0x000001c7d4e1abd0 flushing  nmethod 0x000001c7be9b1610
Event: 49.178 Thread 0x000001c7d4e1abd0 flushing  nmethod 0x000001c7be9b2310
Event: 49.178 Thread 0x000001c7d4e1abd0 flushing  nmethod 0x000001c7be9c5990
Event: 49.178 Thread 0x000001c7d4e1abd0 flushing  nmethod 0x000001c7be9c6710
Event: 49.178 Thread 0x000001c7d4e1abd0 flushing  nmethod 0x000001c7be9cf810
Event: 49.178 Thread 0x000001c7d4e1abd0 flushing  nmethod 0x000001c7be9d0d90
Event: 49.178 Thread 0x000001c7d4e1abd0 flushing  nmethod 0x000001c7be9d1510
Event: 49.178 Thread 0x000001c7d4e1abd0 flushing  nmethod 0x000001c7be9d3110
Event: 49.178 Thread 0x000001c7d4e1abd0 flushing  nmethod 0x000001c7be9d5810

Events (20 events):
Event: 770.716 Thread 0x000001c8164b2b30 Thread added: 0x000001c8164b2b30
Event: 770.716 Thread 0x000001c8164b2b30 Thread exited: 0x000001c8164b2b30
Event: 770.729 Thread 0x000001c8164b3a60 Thread added: 0x000001c8164b3a60
Event: 770.729 Thread 0x000001c8164b3a60 Thread exited: 0x000001c8164b3a60
Event: 770.731 Thread 0x000001c8164b2b30 Thread added: 0x000001c8164b2b30
Event: 770.731 Thread 0x000001c8164b2b30 Thread exited: 0x000001c8164b2b30
Event: 770.742 Thread 0x000001c8164b67f0 Thread added: 0x000001c8164b67f0
Event: 770.743 Thread 0x000001c8164b67f0 Thread exited: 0x000001c8164b67f0
Event: 770.784 Thread 0x000001c8164b2b30 Thread added: 0x000001c8164b2b30
Event: 770.784 Thread 0x000001c8164b2b30 Thread exited: 0x000001c8164b2b30
Event: 770.787 Thread 0x000001c8164b3a60 Thread added: 0x000001c8164b3a60
Event: 770.788 Thread 0x000001c8164b3a60 Thread exited: 0x000001c8164b3a60
Event: 770.794 Thread 0x000001c8164b8650 Thread added: 0x000001c8164b8650
Event: 770.794 Thread 0x000001c8164b8650 Thread exited: 0x000001c8164b8650
Event: 770.798 Thread 0x000001c8164b3a60 Thread added: 0x000001c8164b3a60
Event: 770.798 Thread 0x000001c8164b3a60 Thread exited: 0x000001c8164b3a60
Event: 770.809 Thread 0x000001c8164b67f0 Thread added: 0x000001c8164b67f0
Event: 770.810 Thread 0x000001c8164b67f0 Thread exited: 0x000001c8164b67f0
Event: 770.817 Thread 0x000001c8164b7720 Thread added: 0x000001c8164b7720
Event: 770.817 Thread 0x000001c8164b7720 Thread exited: 0x000001c8164b7720


Dynamic libraries:
0x00007ff696a20000 - 0x00007ff696a2e000 	C:\Program Files\Java\OpenJDK17U-jdk_x64_windows_hotspot_17.0.14_7\jdk-17.0.14+7\bin\java.exe
0x00007ff90dfd0000 - 0x00007ff90e1e4000 	C:\WINDOWS\SYSTEM32\ntdll.dll
0x00007ff90d290000 - 0x00007ff90d353000 	C:\WINDOWS\System32\KERNEL32.DLL
0x00007ff90b3f0000 - 0x00007ff90b78d000 	C:\WINDOWS\System32\KERNELBASE.dll
0x00007ff90b790000 - 0x00007ff90b8a1000 	C:\WINDOWS\System32\ucrtbase.dll
0x00007ff899ce0000 - 0x00007ff899cf7000 	C:\Program Files\Java\OpenJDK17U-jdk_x64_windows_hotspot_17.0.14_7\jdk-17.0.14+7\bin\jli.dll
0x00007ff899cc0000 - 0x00007ff899cde000 	C:\Program Files\Java\OpenJDK17U-jdk_x64_windows_hotspot_17.0.14_7\jdk-17.0.14+7\bin\VCRUNTIME140.dll
0x00007ff90dc20000 - 0x00007ff90ddcd000 	C:\WINDOWS\System32\USER32.dll
0x00007ff90b8b0000 - 0x00007ff90b8d6000 	C:\WINDOWS\System32\win32u.dll
0x00007ff8f6200000 - 0x00007ff8f648e000 	C:\WINDOWS\WinSxS\amd64_microsoft.windows.common-controls_6595b64144ccf1df_6.0.22621.608_none_a9444ca7c10bb01d\COMCTL32.dll
0x00007ff90d080000 - 0x00007ff90d0a9000 	C:\WINDOWS\System32\GDI32.dll
0x00007ff90bb40000 - 0x00007ff90bc52000 	C:\WINDOWS\System32\gdi32full.dll
0x00007ff90d5b0000 - 0x00007ff90d657000 	C:\WINDOWS\System32\msvcrt.dll
0x00007ff90bc60000 - 0x00007ff90bcfa000 	C:\WINDOWS\System32\msvcp_win.dll
0x00007ff90ddd0000 - 0x00007ff90de02000 	C:\WINDOWS\System32\IMM32.DLL
0x00007ff8ccb30000 - 0x00007ff8ccb3c000 	C:\Program Files\Java\OpenJDK17U-jdk_x64_windows_hotspot_17.0.14_7\jdk-17.0.14+7\bin\vcruntime140_1.dll
0x00007ff899c30000 - 0x00007ff899cbd000 	C:\Program Files\Java\OpenJDK17U-jdk_x64_windows_hotspot_17.0.14_7\jdk-17.0.14+7\bin\msvcp140.dll
0x00007ff853f50000 - 0x00007ff854bbb000 	C:\Program Files\Java\OpenJDK17U-jdk_x64_windows_hotspot_17.0.14_7\jdk-17.0.14+7\bin\server\jvm.dll
0x00007ff90cfd0000 - 0x00007ff90d07e000 	C:\WINDOWS\System32\ADVAPI32.dll
0x00007ff90d360000 - 0x00007ff90d404000 	C:\WINDOWS\System32\sechost.dll
0x00007ff90dae0000 - 0x00007ff90dbf5000 	C:\WINDOWS\System32\RPCRT4.dll
0x00007ff90de10000 - 0x00007ff90de81000 	C:\WINDOWS\System32\WS2_32.dll
0x00007ff90a2d0000 - 0x00007ff90a31d000 	C:\WINDOWS\SYSTEM32\POWRPROF.dll
0x00007ff904980000 - 0x00007ff9049b4000 	C:\WINDOWS\SYSTEM32\WINMM.dll
0x00007ff904df0000 - 0x00007ff904dfa000 	C:\WINDOWS\SYSTEM32\VERSION.dll
0x00007ff90a2b0000 - 0x00007ff90a2c3000 	C:\WINDOWS\SYSTEM32\UMPDC.dll
0x00007ff90a500000 - 0x00007ff90a518000 	C:\WINDOWS\SYSTEM32\kernel.appcore.dll
0x00007ff8bec30000 - 0x00007ff8bec3a000 	C:\Program Files\Java\OpenJDK17U-jdk_x64_windows_hotspot_17.0.14_7\jdk-17.0.14+7\bin\jimage.dll
0x0000000067430000 - 0x00000000675c6000 	C:\Program Files\Microsoft SQL Server\120\Shared\DBGHELP.DLL
0x00007ff899c00000 - 0x00007ff899c25000 	C:\Program Files\Java\OpenJDK17U-jdk_x64_windows_hotspot_17.0.14_7\jdk-17.0.14+7\bin\java.dll
0x00007ff899b20000 - 0x00007ff899bf7000 	C:\Program Files\Java\OpenJDK17U-jdk_x64_windows_hotspot_17.0.14_7\jdk-17.0.14+7\bin\jsvml.dll
0x00007ff90c110000 - 0x00007ff90c8ff000 	C:\WINDOWS\System32\SHELL32.dll
0x00007ff9093e0000 - 0x00007ff909ca8000 	C:\WINDOWS\SYSTEM32\windows.storage.dll
0x00007ff90cc40000 - 0x00007ff90cfca000 	C:\WINDOWS\System32\combase.dll
0x00007ff9092a0000 - 0x00007ff9093de000 	C:\WINDOWS\SYSTEM32\wintypes.dll
0x00007ff90de90000 - 0x00007ff90df81000 	C:\WINDOWS\System32\SHCORE.dll
0x00007ff90c900000 - 0x00007ff90c95e000 	C:\WINDOWS\System32\shlwapi.dll
0x00007ff90b320000 - 0x00007ff90b341000 	C:\WINDOWS\SYSTEM32\profapi.dll
0x00007ff899b00000 - 0x00007ff899b19000 	C:\Program Files\Java\OpenJDK17U-jdk_x64_windows_hotspot_17.0.14_7\jdk-17.0.14+7\bin\net.dll
0x00007ff9051f0000 - 0x00007ff90531f000 	C:\WINDOWS\SYSTEM32\WINHTTP.dll
0x00007ff90a950000 - 0x00007ff90a9b9000 	C:\WINDOWS\system32\mswsock.dll
0x00007ff899ae0000 - 0x00007ff899af6000 	C:\Program Files\Java\OpenJDK17U-jdk_x64_windows_hotspot_17.0.14_7\jdk-17.0.14+7\bin\nio.dll
0x00007ff899ac0000 - 0x00007ff899ad8000 	C:\Program Files\Java\OpenJDK17U-jdk_x64_windows_hotspot_17.0.14_7\jdk-17.0.14+7\bin\zip.dll
0x000001c7d4f60000 - 0x000001c7d4f63000 	C:\Users\msi\.openjfx\cache\17.0.14\api-ms-win-core-console-l1-1-0.dll
0x000001c7d4f70000 - 0x000001c7d4f73000 	C:\Users\msi\.openjfx\cache\17.0.14\api-ms-win-core-console-l1-2-0.dll
0x000001c7d4f80000 - 0x000001c7d4f83000 	C:\Users\msi\.openjfx\cache\17.0.14\api-ms-win-core-datetime-l1-1-0.dll
0x000001c7d4f90000 - 0x000001c7d4f93000 	C:\Users\msi\.openjfx\cache\17.0.14\api-ms-win-core-debug-l1-1-0.dll
0x000001c7d4fa0000 - 0x000001c7d4fa3000 	C:\Users\msi\.openjfx\cache\17.0.14\api-ms-win-core-errorhandling-l1-1-0.dll
0x000001c7d4fb0000 - 0x000001c7d4fb4000 	C:\Users\msi\.openjfx\cache\17.0.14\api-ms-win-core-file-l1-1-0.dll
0x000001c7d4fc0000 - 0x000001c7d4fc3000 	C:\Users\msi\.openjfx\cache\17.0.14\api-ms-win-core-file-l1-2-0.dll
0x000001c7d4fd0000 - 0x000001c7d4fd3000 	C:\Users\msi\.openjfx\cache\17.0.14\api-ms-win-core-file-l2-1-0.dll
0x000001c7d4fe0000 - 0x000001c7d4fe3000 	C:\Users\msi\.openjfx\cache\17.0.14\api-ms-win-core-handle-l1-1-0.dll
0x000001c7d4ff0000 - 0x000001c7d4ff3000 	C:\Users\msi\.openjfx\cache\17.0.14\api-ms-win-core-heap-l1-1-0.dll
0x000001c816e00000 - 0x000001c816e03000 	C:\Users\msi\.openjfx\cache\17.0.14\api-ms-win-core-interlocked-l1-1-0.dll
0x000001c816e10000 - 0x000001c816e13000 	C:\Users\msi\.openjfx\cache\17.0.14\api-ms-win-core-libraryloader-l1-1-0.dll
0x000001c816e20000 - 0x000001c816e23000 	C:\Users\msi\.openjfx\cache\17.0.14\api-ms-win-core-localization-l1-2-0.dll
0x000001c816e30000 - 0x000001c816e33000 	C:\Users\msi\.openjfx\cache\17.0.14\api-ms-win-core-memory-l1-1-0.dll
0x000001c816e40000 - 0x000001c816e43000 	C:\Users\msi\.openjfx\cache\17.0.14\api-ms-win-core-namedpipe-l1-1-0.dll
0x000001c816e50000 - 0x000001c816e53000 	C:\Users\msi\.openjfx\cache\17.0.14\api-ms-win-core-processenvironment-l1-1-0.dll
0x000001c816e60000 - 0x000001c816e63000 	C:\Users\msi\.openjfx\cache\17.0.14\api-ms-win-core-processthreads-l1-1-0.dll
0x000001c816e70000 - 0x000001c816e73000 	C:\Users\msi\.openjfx\cache\17.0.14\api-ms-win-core-processthreads-l1-1-1.dll
0x000001c816e80000 - 0x000001c816e83000 	C:\Users\msi\.openjfx\cache\17.0.14\api-ms-win-core-profile-l1-1-0.dll
0x000001c816e90000 - 0x000001c816e93000 	C:\Users\msi\.openjfx\cache\17.0.14\api-ms-win-core-rtlsupport-l1-1-0.dll
0x000001c816ea0000 - 0x000001c816ea3000 	C:\Users\msi\.openjfx\cache\17.0.14\api-ms-win-core-string-l1-1-0.dll
0x000001c816eb0000 - 0x000001c816eb3000 	C:\Users\msi\.openjfx\cache\17.0.14\api-ms-win-core-synch-l1-1-0.dll
0x000001c816ec0000 - 0x000001c816ec3000 	C:\Users\msi\.openjfx\cache\17.0.14\api-ms-win-core-synch-l1-2-0.dll
0x000001c816ed0000 - 0x000001c816ed3000 	C:\Users\msi\.openjfx\cache\17.0.14\api-ms-win-core-sysinfo-l1-1-0.dll
0x000001c816ee0000 - 0x000001c816ee3000 	C:\Users\msi\.openjfx\cache\17.0.14\api-ms-win-core-timezone-l1-1-0.dll
0x000001c816ef0000 - 0x000001c816ef3000 	C:\Users\msi\.openjfx\cache\17.0.14\api-ms-win-core-util-l1-1-0.dll
0x000001c816f00000 - 0x000001c816f03000 	C:\Users\msi\.openjfx\cache\17.0.14\api-ms-win-crt-conio-l1-1-0.dll
0x000001c816f10000 - 0x000001c816f14000 	C:\Users\msi\.openjfx\cache\17.0.14\api-ms-win-crt-convert-l1-1-0.dll
0x000001c816f20000 - 0x000001c816f23000 	C:\Users\msi\.openjfx\cache\17.0.14\api-ms-win-crt-environment-l1-1-0.dll
0x000001c816f30000 - 0x000001c816f33000 	C:\Users\msi\.openjfx\cache\17.0.14\api-ms-win-crt-filesystem-l1-1-0.dll
0x000001c816f40000 - 0x000001c816f43000 	C:\Users\msi\.openjfx\cache\17.0.14\api-ms-win-crt-heap-l1-1-0.dll
0x000001c816f50000 - 0x000001c816f53000 	C:\Users\msi\.openjfx\cache\17.0.14\api-ms-win-crt-locale-l1-1-0.dll
0x000001c816f60000 - 0x000001c816f65000 	C:\Users\msi\.openjfx\cache\17.0.14\api-ms-win-crt-math-l1-1-0.dll
0x000001c816f70000 - 0x000001c816f75000 	C:\Users\msi\.openjfx\cache\17.0.14\api-ms-win-crt-multibyte-l1-1-0.dll
0x000001c816f80000 - 0x000001c816f90000 	C:\Users\msi\.openjfx\cache\17.0.14\api-ms-win-crt-private-l1-1-0.dll
0x000001c816f90000 - 0x000001c816f93000 	C:\Users\msi\.openjfx\cache\17.0.14\api-ms-win-crt-process-l1-1-0.dll
0x000001c816fa0000 - 0x000001c816fa4000 	C:\Users\msi\.openjfx\cache\17.0.14\api-ms-win-crt-runtime-l1-1-0.dll
0x000001c816fb0000 - 0x000001c816fb4000 	C:\Users\msi\.openjfx\cache\17.0.14\api-ms-win-crt-stdio-l1-1-0.dll
0x000001c816fc0000 - 0x000001c816fc4000 	C:\Users\msi\.openjfx\cache\17.0.14\api-ms-win-crt-string-l1-1-0.dll
0x000001c816fd0000 - 0x000001c816fd3000 	C:\Users\msi\.openjfx\cache\17.0.14\api-ms-win-crt-time-l1-1-0.dll
0x000001c816fe0000 - 0x000001c816fe3000 	C:\Users\msi\.openjfx\cache\17.0.14\api-ms-win-crt-utility-l1-1-0.dll
0x00007ff8999c0000 - 0x00007ff899abc000 	C:\Users\msi\.openjfx\cache\17.0.14\ucrtbase.dll
0x00007ff8999a0000 - 0x00007ff8999bb000 	C:\Users\msi\.openjfx\cache\17.0.14\vcruntime140.dll
0x00007ff8a42a0000 - 0x00007ff8a42ac000 	C:\Users\msi\.openjfx\cache\17.0.14\vcruntime140_1.dll
0x00007ff899910000 - 0x00007ff89999e000 	C:\Users\msi\.openjfx\cache\17.0.14\msvcp140.dll
0x00007ff899900000 - 0x00007ff899909000 	C:\Users\msi\.openjfx\cache\17.0.14\msvcp140_1.dll
0x00007ff8998b0000 - 0x00007ff8998f1000 	C:\Users\msi\.openjfx\cache\17.0.14\msvcp140_2.dll
0x00007ff899880000 - 0x00007ff8998aa000 	C:\Users\msi\.openjfx\cache\17.0.14\prism_d3d.dll
0x00007ff8c1fa0000 - 0x00007ff8c2149000 	C:\WINDOWS\system32\d3d9.dll
0x00007ff908b90000 - 0x00007ff908bbb000 	C:\WINDOWS\SYSTEM32\dwmapi.dll
0x00007ff908c00000 - 0x00007ff908c36000 	C:\WINDOWS\SYSTEM32\dxcore.dll
0x00007ff908910000 - 0x00007ff9089bb000 	C:\WINDOWS\system32\uxtheme.dll
0x00007ff90be30000 - 0x00007ff90bfcc000 	C:\WINDOWS\System32\ole32.dll
0x00007ff90d0b0000 - 0x00007ff90d187000 	C:\WINDOWS\System32\OLEAUT32.dll
0x00007ff90d660000 - 0x00007ff90dada000 	C:\WINDOWS\System32\SETUPAPI.dll
0x00007ff90b0e0000 - 0x00007ff90b12e000 	C:\WINDOWS\SYSTEM32\cfgmgr32.dll
0x00007ff904930000 - 0x00007ff904979000 	C:\WINDOWS\SYSTEM32\directxdatabasehelper.dll
0x00007ff899830000 - 0x00007ff899872000 	C:\Users\msi\.openjfx\cache\17.0.14\glass.dll
0x00007ff90d190000 - 0x00007ff90d287000 	C:\WINDOWS\System32\COMDLG32.dll
0x00007ff897ca0000 - 0x00007ff897dd3000 	C:\ProgramData\A-Volute\A-Volute.Nahimic\Modules\Scheduled\x64\AudioDevProps2.dll
0x00007ff90d410000 - 0x00007ff90d52e000 	C:\WINDOWS\System32\MSCTF.dll
0x00007ff90b950000 - 0x00007ff90b9cb000 	C:\WINDOWS\System32\bcryptPrimitives.dll
0x00007ff909fe0000 - 0x00007ff90a0d2000 	C:\WINDOWS\SYSTEM32\DNSAPI.dll
0x00007ff909f70000 - 0x00007ff909f9d000 	C:\WINDOWS\SYSTEM32\IPHLPAPI.DLL
0x000001c81b530000 - 0x000001c81b539000 	C:\WINDOWS\System32\NSI.dll
0x00007ff902950000 - 0x00007ff90295a000 	C:\Windows\System32\rasadhlp.dll
0x00007ff904670000 - 0x00007ff9046f3000 	C:\WINDOWS\System32\fwpuclnt.dll
0x00007ff899820000 - 0x00007ff899829000 	C:\Program Files\Java\OpenJDK17U-jdk_x64_windows_hotspot_17.0.14_7\jdk-17.0.14+7\bin\extnet.dll
0x00007ff8997f0000 - 0x00007ff89981d000 	C:\Users\msi\.openjfx\cache\17.0.14\javafx_iio.dll
0x00007ff8997d0000 - 0x00007ff8997e5000 	C:\Users\msi\.openjfx\cache\17.0.14\javafx_font.dll
0x00007ff907250000 - 0x00007ff9074b7000 	C:\WINDOWS\SYSTEM32\dwrite.dll
0x00007ff90bfd0000 - 0x00007ff90c087000 	C:\WINDOWS\System32\clbcatq.dll
0x00007ff906cb0000 - 0x00007ff906e60000 	C:\WINDOWS\SYSTEM32\WindowsCodecs.dll
0x00007ff8ccfa0000 - 0x00007ff8ccffe000 	C:\WINDOWS\system32\dataexchange.dll
0x00007ff905850000 - 0x00007ff905aba000 	C:\WINDOWS\system32\twinapi.appcore.dll
0x00007ff8fa2d0000 - 0x00007ff8fa3fd000 	C:\WINDOWS\SYSTEM32\textinputframework.dll
0x00007ff908520000 - 0x00007ff908653000 	C:\WINDOWS\SYSTEM32\CoreMessaging.dll
0x00007ff903fe0000 - 0x00007ff90434c000 	C:\WINDOWS\SYSTEM32\CoreUIComponents.dll
0x00007ff90ac50000 - 0x00007ff90ac5c000 	C:\WINDOWS\SYSTEM32\CRYPTBASE.DLL
0x00007ff907510000 - 0x00007ff907ad1000 	C:\WINDOWS\SYSTEM32\d2d1.dll
0x00007ff907ae0000 - 0x00007ff907d37000 	C:\WINDOWS\SYSTEM32\d3d11.dll
0x00007ff908a80000 - 0x00007ff908b77000 	C:\WINDOWS\SYSTEM32\dxgi.dll
0x00007ff903630000 - 0x00007ff903d41000 	C:\WINDOWS\SYSTEM32\D3D10Warp.dll
0x00007ff90ac70000 - 0x00007ff90ac8b000 	C:\WINDOWS\SYSTEM32\CRYPTSP.dll
0x00007ff90a470000 - 0x00007ff90a4a5000 	C:\WINDOWS\system32\rsaenh.dll

dbghelp: loaded successfully - version: 4.0.5 - missing functions: none
symbol engine: initialized successfully - sym options: 0x614 - pdb path: .;C:\Program Files\Java\OpenJDK17U-jdk_x64_windows_hotspot_17.0.14_7\jdk-17.0.14+7\bin;C:\WINDOWS\SYSTEM32;C:\WINDOWS\WinSxS\amd64_microsoft.windows.common-controls_6595b64144ccf1df_6.0.22621.608_none_a9444ca7c10bb01d;C:\Program Files\Java\OpenJDK17U-jdk_x64_windows_hotspot_17.0.14_7\jdk-17.0.14+7\bin\server;C:\Program Files\Microsoft SQL Server\120\Shared;C:\Users\msi\.openjfx\cache\17.0.14;C:\WINDOWS\System32\DriverStore\FileRepository\iigd_dch.inf_amd64_51f685305808e3a5;C:\ProgramData\A-Volute\A-Volute.Nahimic\Modules\Scheduled\x64;C:\Program Files\Common Files\Microsoft Shared\Ink;C:\Users\msi\OneDrive\Bureau\projetJAVA\PI-SenareNovo-Java\windows-amd64\bin\lib\win64;C:\WINDOWS\system32\wbem

VM Arguments:
jvm_args: -Djava.library.path=C:\Users\msi\OneDrive\Bureau\projetJAVA\PI-SenareNovo-Java/windows-amd64/bin/lib/win64 --add-exports=javafx.graphics/com.sun.javafx.sg.prism=ALL-UNNAMED --add-opens=java.base/java.lang=ALL-UNNAMED --add-modules=javafx.swing --add-opens=java.base/java.lang.reflect=ALL-UNNAMED --add-opens=java.base/java.util=ALL-UNNAMED --module-path=C:\Users\msi\.m2\repository\org\openjfx\javafx-base\17.0.14\javafx-base-17.0.14-win.jar;C:\Users\msi\.m2\repository\org\openjfx\javafx-base\17.0.14\javafx-base-17.0.14.jar;C:\Users\msi\.m2\repository\org\openjfx\javafx-controls\17.0.14\javafx-controls-17.0.14-win.jar;C:\Users\msi\.m2\repository\org\openjfx\javafx-controls\17.0.14\javafx-controls-17.0.14.jar;C:\Users\msi\.m2\repository\org\openjfx\javafx-fxml\17.0.14\javafx-fxml-17.0.14-win.jar;C:\Users\msi\.m2\repository\org\openjfx\javafx-fxml\17.0.14\javafx-fxml-17.0.14.jar;C:\Users\msi\.m2\repository\org\openjfx\javafx-graphics\17.0.14\javafx-graphics-17.0.14-win.jar;C:\Users\msi\.m2\repository\org\openjfx\javafx-graphics\17.0.14\javafx-graphics-17.0.14.jar;C:\Users\msi\.m2\repository\org\openjfx\javafx-media\17.0.14\javafx-media-17.0.14-win.jar;C:\Users\msi\.m2\repository\org\openjfx\javafx-media\17.0.14\javafx-media-17.0.14.jar;C:\Users\msi\.m2\repository\org\openjfx\javafx-swing\17.0.14\javafx-swing-17.0.14-win.jar;C:\Users\msi\.m2\repository\org\openjfx\javafx-swing\17.0.14\javafx-swing-17.0.14.jar;C:\Users\msi\.m2\repository\org\openjfx\javafx-web\17.0.14\javafx-web-17.0.14-win.jar;C:\Users\msi\.m2\repository\org\openjfx\javafx-web\17.0.14\javafx-web-17.0.14.jar --add-modules=javafx.base,javafx.controls,javafx.fxml,javafx.graphics,javafx.media,javafx.swing,javafx.web 
java_command: ed.sanarenovo.tests.MainD
java_class_path (initial): C:\Users\msi\OneDrive\Bureau\projetJAVA\PI-SenareNovo-Java\target\classes;C:\Users\msi\OneDrive\Bureau\projetJAVA\PI-SenareNovo-Java\windows-amd64\bin\jcef.jar;C:\Users\msi\.m2\repository\antlr\antlr\2.7.7\antlr-2.7.7.jar;C:\Users\msi\.m2\repository\com\auth0\java-jwt\4.4.0\java-jwt-4.4.0.jar;C:\Users\msi\.m2\repository\com\fasterxml\jackson\core\jackson-annotations\2.14.2\jackson-annotations-2.14.2.jar;C:\Users\msi\.m2\repository\com\fasterxml\jackson\core\jackson-core\2.14.2\jackson-core-2.14.2.jar;C:\Users\msi\.m2\repository\com\fasterxml\jackson\core\jackson-databind\2.14.2\jackson-databind-2.14.2.jar;C:\Users\msi\.m2\repository\com\fasterxml\jackson\dataformat\jackson-dataformat-xml\2.15.0\jackson-dataformat-xml-2.15.0.jar;C:\Users\msi\.m2\repository\com\fasterxml\jackson\datatype\jackson-datatype-jsr310\2.15.0\jackson-datatype-jsr310-2.15.0.jar;C:\Users\msi\.m2\repository\com\fasterxml\woodstox\woodstox-core\6.5.1\woodstox-core-6.5.1.jar;C:\Users\msi\.m2\repository\com\google\protobuf\protobuf-java\3.19.4\protobuf-java-3.19.4.jar;C:\Users\msi\.m2\repository\com\itextpdf\itextpdf\5.5.13.3\itextpdf-5.5.13.3.jar;C:\Users\msi\.m2\repository\com\jfoenix\jfoenix\9.0.10\jfoenix-9.0.10.jar;C:\Users\msi\.m2\repository\com\twilio\sdk\twilio\10.7.0\twilio-10.7.0.jar;C:\Users\msi\.m2\repository\commons-codec\commons-codec\1.15\commons-codec-1.15.jar;C:\Users\msi\.m2\repository\commons-io\commons-io\2.14.0\commons-io-2.14.0.jar;C:\Users\msi\.m2\repository\commons-logging\commons-logging\1.2\commons-logging-1.2.jar;C:\Users\msi\.m2\repository\io\jsonwebtoken\jjwt-api\0.11.2\jjwt-api-0.11.2.jar;C:\Users\msi\.m2\repository\io\jsonwebtoken\jjwt-impl\0.11.2\jjwt-impl-0.11.2.jar;C:\Users\msi\.m2\repository\io\jsonwebtoken\jjwt-jackson\0.11.2\jjwt-jackson-0.11.2.jar;C:\Users\msi\.m2\repository\mysql\mysql-connector-java\8.0.30\mysql-connector-java-8.0.30.jar;C:\Users\msi\.m2\repository\org\apache\httpcomponents\httpclient\4.5.13\httpclient-4.5.13.jar;
Launcher Type: SUN_STANDARD

[Global flags]
     intx CICompilerCount                          = 4                                         {product} {ergonomic}
     uint ConcGCThreads                            = 2                                         {product} {ergonomic}
     uint G1ConcRefinementThreads                  = 8                                         {product} {ergonomic}
   size_t G1HeapRegionSize                         = 1048576                                   {product} {ergonomic}
    uintx GCDrainStackTargetSize                   = 64                                        {product} {ergonomic}
   size_t InitialHeapSize                          = 132120576                                 {product} {ergonomic}
   size_t MarkStackSize                            = 4194304                                   {product} {ergonomic}
   size_t MaxHeapSize                              = 2107637760                                {product} {ergonomic}
   size_t MaxNewSize                               = 1264582656                                {product} {ergonomic}
   size_t MinHeapDeltaBytes                        = 1048576                                   {product} {ergonomic}
   size_t MinHeapSize                              = 8388608                                   {product} {ergonomic}
    uintx NonNMethodCodeHeapSize                   = 5839372                                {pd product} {ergonomic}
    uintx NonProfiledCodeHeapSize                  = 122909434                              {pd product} {ergonomic}
    uintx ProfiledCodeHeapSize                     = 122909434                              {pd product} {ergonomic}
    uintx ReservedCodeCacheSize                    = 251658240                              {pd product} {ergonomic}
     bool SegmentedCodeCache                       = true                                      {product} {ergonomic}
   size_t SoftMaxHeapSize                          = 2107637760                             {manageable} {ergonomic}
     bool UseCompressedClassPointers               = true                           {product lp64_product} {ergonomic}
     bool UseCompressedOops                        = true                           {product lp64_product} {ergonomic}
     bool UseG1GC                                  = true                                      {product} {ergonomic}
     bool UseLargePagesIndividualAllocation        = false                                  {pd product} {ergonomic}

Logging:
Log output configuration:
 #0: stdout all=warning uptime,level,tags
 #1: stderr all=off uptime,level,tags

Environment Variables:
JAVA_HOME=C:\Program Files\Java\OpenJDK17U-jdk_x64_windows_hotspot_17.0.14_7\jdk-17.0.14+7
PATH=C:\oraclexe\app\oracle\product\11.2.0\server\bin;C:\Users\msi\.jdks\openjdk-22.0.2;C:\xampp\php;C:\ProgramData\ComposerSetup\bin;C:\Program Files\CodeBlocks\MinGW\bin;C:\Program Files (x86)\GnuWin32\bin;C:\Program Files\Git\cmd;C:\Users\msi\scoop\shims;C:\Users\msi\AppData\Local\Microsoft\WindowsApps;C:\Program Files\Intel\WiFi\bin\;C:\Program Files\Common Files\Intel\WirelessCommon\;C:\Users\msi\AppData\Local\Programs\Microsoft VS Code\bin;C:\Users\msi\AppData\Roaming\Composer\vendor\bin;C:\Users\msi\.jdks\openjdk-22.0.2\bin;C:\Users\msi\AppData\Local\Programs\cursor\resources\app\bin
USERNAME=msi
OS=Windows_NT
PROCESSOR_IDENTIFIER=Intel64 Family 6 Model 158 Stepping 10, GenuineIntel
TMP=C:\Users\msi\AppData\Local\Temp
TEMP=C:\Users\msi\AppData\Local\Temp



Periodic native trim disabled


---------------  S Y S T E M  ---------------

OS:
 Windows 11 , 64 bit Build 22621 (10.0.22621.963)
OS uptime: 0 days 0:50 hours
Hyper-V role detected

CPU: total 8 (initial active 8) (4 cores per cpu, 2 threads per core) family 6 model 158 stepping 10 microcode 0xde, cx8, cmov, fxsr, ht, mmx, 3dnowpref, sse, sse2, sse3, ssse3, sse4.1, sse4.2, popcnt, lzcnt, tsc, tscinvbit, avx, avx2, aes, erms, clmul, bmi1, bmi2, adx, fma, vzeroupper, clflush, clflushopt, hv
Processor Information for all 8 processors :
  Max Mhz: 2401, Current Mhz: 1000, Mhz Limit: 984

Memory: 4k page, system-wide physical 8036M (4491M free)
TotalPageFile size 16740M (AvailPageFile size 10533M)
current process WorkingSet (physical memory assigned to process): 261M, peak: 392M
current process commit charge ("private bytes"): 242M, peak: 382M

vm_info: OpenJDK 64-Bit Server VM (17.0.14+7) for windows-amd64 JRE (17.0.14+7), built on Jan 21 2025 23:40:15 by "admin" with MS VC++ 17.7 (VS2022)

END.
