#
# There is insufficient memory for the Java Runtime Environment to continue.
# Native memory allocation (mmap) failed to map 123731968 bytes for G1 virtual space
# Possible reasons:
#   The system is out of physical RAM or swap space
#   The process is running with CompressedOops enabled, and the Java Heap may be blocking the growth of the native heap
# Possible solutions:
#   Reduce memory load on the system
#   Increase physical memory or swap space
#   Check if swap backing store is full
#   Decrease Java heap size (-Xmx/-Xms)
#   Decrease number of Java threads
#   Decrease Java thread stack sizes (-Xss)
#   Set larger code cache with -XX:ReservedCodeCacheSize=
#   JVM is running with Unscaled Compressed Oops mode in which the Java heap is
#     placed in the first 4GB address space. The Java Heap base address is the
#     maximum limit for the native heap growth. Please use -XX:HeapBaseMinAddress
#     to set the Java Heap base and to place the Java Heap above 4GB virtual address.
# This output file may be truncated or incomplete.
#
#  Out of Memory Error (os_windows.cpp:3600), pid=40520, tid=42548
#
# JRE version:  (21.0.1+12) (build )
# Java VM: Java HotSpot(TM) 64-Bit Server VM (21.0.1+12-LTS-29, mixed mode, sharing, tiered, compressed oops, compressed class ptrs, g1 gc, windows-amd64)
# No core dump will be written. Minidumps are not enabled by default on client versions of Windows
#

---------------  S U M M A R Y ------------

Command Line: -javaagent:C:\Users\sabri\AppData\Local\JetBrains\IntelliJ IDEA 2024.2.1\lib\idea_rt.jar=51107:C:\Users\sabri\AppData\Local\JetBrains\IntelliJ IDEA 2024.2.1\bin -Dfile.encoding=UTF-8 -Dsun.stdout.encoding=UTF-8 -Dsun.stderr.encoding=UTF-8 ed.sanarenovo.Main

Host: AMD Ryzen 5 5500U with Radeon Graphics         , 12 cores, 7G,  Windows 11 , 64 bit Build 26100 (10.0.26100.3037)
Time: Fri Apr  4 19:41:02 2025 Afr. centrale Ouest elapsed time: 2.106180 seconds (0d 0h 0m 2s)

---------------  T H R E A D  ---------------

Current thread (0x00000227f50f8c80):  JavaThread "Unknown thread" [_thread_in_vm, id=42548, stack(0x0000004db6000000,0x0000004db6100000) (1024K)]

Stack: [0x0000004db6000000,0x0000004db6100000]
Native frames: (J=compiled Java code, j=interpreted, Vv=VM code, C=native code)
V  [jvm.dll+0x6c9029]
V  [jvm.dll+0x854b81]
V  [jvm.dll+0x856e5e]
V  [jvm.dll+0x857543]
V  [jvm.dll+0x280c06]
V  [jvm.dll+0x6c5715]
V  [jvm.dll+0x6ba10a]
V  [jvm.dll+0x3557ea]
V  [jvm.dll+0x35d436]
V  [jvm.dll+0x3ae1be]
V  [jvm.dll+0x3ae468]
V  [jvm.dll+0x3291fc]
V  [jvm.dll+0x329d8b]
V  [jvm.dll+0x81d179]
V  [jvm.dll+0x3bb4f1]
V  [jvm.dll+0x805ae8]
V  [jvm.dll+0x44effe]
V  [jvm.dll+0x450901]
C  [jli.dll+0x52a3]
C  [ucrtbase.dll+0x37b0]
C  [KERNEL32.DLL+0x2e8d7]
C  [ntdll.dll+0xbbf2c]


---------------  P R O C E S S  ---------------

Threads class SMR info:
_java_thread_list=0x00007ffccd799b88, length=0, elements={
}

Java Threads: ( => current thread )
Total: 0

Other Threads:
  0x00000227f514ab60 WorkerThread "GC Thread#0"                     [id=20712, stack(0x0000004db6100000,0x0000004db6200000) (1024K)]
  0x00000227f515bee0 ConcurrentGCThread "G1 Main Marker"            [id=12772, stack(0x0000004db6200000,0x0000004db6300000) (1024K)]
  0x00000227f515c9e0 WorkerThread "G1 Conc#0"                       [id=33908, stack(0x0000004db6300000,0x0000004db6400000) (1024K)]

[error occurred during error reporting (printing all threads), id 0xc0000005, EXCEPTION_ACCESS_VIOLATION (0xc0000005) at pc=0x00007ffcccf0c2c7]
VM state: not at safepoint (not fully initialized)

VM Mutex/Monitor currently owned by a thread:  ([mutex/lock_event])
[0x00007ffccd80a6f8] Heap_lock - owner thread: 0x00000227f50f8c80

Heap address: 0x000000008a400000, size: 1884 MB, Compressed Oops mode: 32-bit

CDS archive(s) mapped at: [0x0000000000000000-0x0000000000000000-0x0000000000000000), size 0, SharedBaseAddress: 0x0000000800000000, ArchiveRelocationMode: 1.
Narrow klass base: 0x0000000000000000, Narrow klass shift: 0, Narrow klass range: 0x0

GC Precious Log:
 CardTable entry size: 512
 Card Set container configuration: InlinePtr #cards 5 size 8 Array Of Cards #cards 12 size 40 Howl #buckets 4 coarsen threshold 1843 Howl Bitmap #cards 512 size 80 coarsen threshold 460 Card regions per heap region 1 cards per card region 2048

Heap:
 garbage-first heap   total 0K, used 0K [0x000000008a400000, 0x0000000100000000)
  region size 1024K, 0 young (0K), 0 survivors (0K)

[error occurred during error reporting (printing heap information), id 0xc0000005, EXCEPTION_ACCESS_VIOLATION (0xc0000005) at pc=0x00007ffccd2f1be9]
GC Heap History (0 events):
No events

Dll operation events (1 events):
Event: 0.029 Loaded shared library C:\Program Files\Java\jdk-21\bin\java.dll

Deoptimization events (0 events):
No events

Classes loaded (0 events):
No events

Classes unloaded (0 events):
No events

Classes redefined (0 events):
No events

Internal exceptions (0 events):
No events

ZGC Phase Switch (0 events):
No events

VM Operations (0 events):
No events

Events (0 events):
No events


Dynamic libraries:
0x00007ff6afe20000 - 0x00007ff6afe30000 	C:\Program Files\Java\jdk-21\bin\java.exe
0x00007ffd7d800000 - 0x00007ffd7da63000 	C:\WINDOWS\SYSTEM32\ntdll.dll
0x00007ffd7cde0000 - 0x00007ffd7cea7000 	C:\WINDOWS\System32\KERNEL32.DLL
0x00007ffd7b110000 - 0x00007ffd7b4d7000 	C:\WINDOWS\System32\KERNELBASE.dll
0x00007ffd7afc0000 - 0x00007ffd7b10c000 	C:\WINDOWS\System32\ucrtbase.dll
0x00007ffd5c3c0000 - 0x00007ffd5c3d9000 	C:\Program Files\Java\jdk-21\bin\jli.dll
0x00007ffd5d090000 - 0x00007ffd5d0ab000 	C:\Program Files\Java\jdk-21\bin\VCRUNTIME140.dll
0x00007ffd7bad0000 - 0x00007ffd7bb84000 	C:\WINDOWS\System32\ADVAPI32.dll
0x00007ffd7b640000 - 0x00007ffd7b6e9000 	C:\WINDOWS\System32\msvcrt.dll
0x00007ffd7d0a0000 - 0x00007ffd7d146000 	C:\WINDOWS\System32\sechost.dll
0x00007ffd7bb90000 - 0x00007ffd7bca6000 	C:\WINDOWS\System32\RPCRT4.dll
0x00007ffd7ceb0000 - 0x00007ffd7d079000 	C:\WINDOWS\System32\USER32.dll
0x00007ffd7af90000 - 0x00007ffd7afb7000 	C:\WINDOWS\System32\win32u.dll
0x00007ffd7c0d0000 - 0x00007ffd7c0fa000 	C:\WINDOWS\System32\GDI32.dll
0x00007ffd65be0000 - 0x00007ffd65e70000 	C:\WINDOWS\WinSxS\amd64_microsoft.windows.common-controls_6595b64144ccf1df_6.0.26100.3037_none_3e09262ce333c378\COMCTL32.dll
0x00007ffd7ae60000 - 0x00007ffd7af8b000 	C:\WINDOWS\System32\gdi32full.dll
0x00007ffd7adb0000 - 0x00007ffd7ae53000 	C:\WINDOWS\System32\msvcp_win.dll
0x00007ffd70880000 - 0x00007ffd7088b000 	C:\WINDOWS\SYSTEM32\VERSION.dll
0x00007ffd7d2a0000 - 0x00007ffd7d2cf000 	C:\WINDOWS\System32\IMM32.DLL
0x00007ffd5d080000 - 0x00007ffd5d08c000 	C:\Program Files\Java\jdk-21\bin\vcruntime140_1.dll
0x00007ffd43c80000 - 0x00007ffd43d0e000 	C:\Program Files\Java\jdk-21\bin\msvcp140.dll
0x00007ffcccbd0000 - 0x00007ffccd8e5000 	C:\Program Files\Java\jdk-21\bin\server\jvm.dll
0x00007ffd7c050000 - 0x00007ffd7c0c4000 	C:\WINDOWS\System32\WS2_32.dll
0x00007ffd7aa30000 - 0x00007ffd7aa7e000 	C:\WINDOWS\SYSTEM32\POWRPROF.dll
0x00007ffd70840000 - 0x00007ffd70876000 	C:\WINDOWS\SYSTEM32\WINMM.dll
0x00007ffd7a960000 - 0x00007ffd7a974000 	C:\WINDOWS\SYSTEM32\UMPDC.dll
0x00007ffd799d0000 - 0x00007ffd799ea000 	C:\WINDOWS\SYSTEM32\kernel.appcore.dll
0x00007ffd5c3b0000 - 0x00007ffd5c3ba000 	C:\Program Files\Java\jdk-21\bin\jimage.dll
0x00007ffd70a50000 - 0x00007ffd70c91000 	C:\WINDOWS\SYSTEM32\DBGHELP.DLL
0x00007ffd7bcb0000 - 0x00007ffd7c02e000 	C:\WINDOWS\System32\combase.dll
0x00007ffd7b7a0000 - 0x00007ffd7b876000 	C:\WINDOWS\System32\OLEAUT32.dll
0x00007ffd6cf20000 - 0x00007ffd6cf59000 	C:\WINDOWS\SYSTEM32\dbgcore.DLL
0x00007ffd7b5a0000 - 0x00007ffd7b639000 	C:\WINDOWS\System32\bcryptPrimitives.dll
0x00007ffd68320000 - 0x00007ffd6832f000 	C:\Program Files\Java\jdk-21\bin\instrument.dll
0x00007ffd5c390000 - 0x00007ffd5c3af000 	C:\Program Files\Java\jdk-21\bin\java.dll

dbghelp: loaded successfully - version: 4.0.5 - missing functions: none
symbol engine: initialized successfully - sym options: 0x614 - pdb path: .;C:\Program Files\Java\jdk-21\bin;C:\WINDOWS\SYSTEM32;C:\WINDOWS\WinSxS\amd64_microsoft.windows.common-controls_6595b64144ccf1df_6.0.26100.3037_none_3e09262ce333c378;C:\Program Files\Java\jdk-21\bin\server

VM Arguments:
jvm_args: -javaagent:C:\Users\sabri\AppData\Local\JetBrains\IntelliJ IDEA 2024.2.1\lib\idea_rt.jar=51107:C:\Users\sabri\AppData\Local\JetBrains\IntelliJ IDEA 2024.2.1\bin -Dfile.encoding=UTF-8 -Dsun.stdout.encoding=UTF-8 -Dsun.stderr.encoding=UTF-8 
java_command: ed.sanarenovo.Main
java_class_path (initial): C:\ProjetPiJ\PI-SenareNovo-Java\target\classes;C:\Users\sabri\.m2\repository\com\mysql\mysql-connector-j\8.0.33\mysql-connector-j-8.0.33.jar;C:\Users\sabri\.m2\repository\com\google\protobuf\protobuf-java\3.21.9\protobuf-java-3.21.9.jar;C:\Users\sabri\.m2\repository\com\twilio\sdk\twilio\10.7.0\twilio-10.7.0.jar;C:\Users\sabri\.m2\repository\commons-codec\commons-codec\1.15\commons-codec-1.15.jar;C:\Users\sabri\.m2\repository\commons-io\commons-io\2.14.0\commons-io-2.14.0.jar;C:\Users\sabri\.m2\repository\io\jsonwebtoken\jjwt-api\0.11.2\jjwt-api-0.11.2.jar;C:\Users\sabri\.m2\repository\io\jsonwebtoken\jjwt-jackson\0.11.2\jjwt-jackson-0.11.2.jar;C:\Users\sabri\.m2\repository\io\jsonwebtoken\jjwt-impl\0.11.2\jjwt-impl-0.11.2.jar;C:\Users\sabri\.m2\repository\org\apache\httpcomponents\httpclient\4.5.13\httpclient-4.5.13.jar;C:\Users\sabri\.m2\repository\commons-logging\commons-logging\1.2\commons-logging-1.2.jar;C:\Users\sabri\.m2\repository\org\apache\httpcomponents\httpcore\4.4.13\httpcore-4.4.13.jar;C:\Users\sabri\.m2\repository\com\fasterxml\jackson\core\jackson-core\2.15.0\jackson-core-2.15.0.jar;C:\Users\sabri\.m2\repository\com\fasterxml\jackson\core\jackson-annotations\2.15.0\jackson-annotations-2.15.0.jar;C:\Users\sabri\.m2\repository\com\fasterxml\jackson\core\jackson-databind\2.15.0\jackson-databind-2.15.0.jar;C:\Users\sabri\.m2\repository\com\fasterxml\jackson\datatype\jackson-datatype-jsr310\2.15.0\jackson-datatype-jsr310-2.15.0.jar;C:\Users\sabri\.m2\repository\com\fasterxml\jackson\dataformat\jackson-dataformat-xml\2.15.0\jackson-dataformat-xml-2.15.0.jar;C:\Users\sabri\.m2\repository\org\codehaus\woodstox\stax2-api\4.2.1\stax2-api-4.2.1.jar;C:\Users\sabri\.m2\repository\com\fasterxml\woodstox\woodstox-core\6.5.1\woodstox-core-6.5.1.jar;C:\Users\sabri\.m2\repository\org\slf4j\slf4j-api\1.7.30\slf4j-api-1.7.30.jar;C:\Users\sabri\.m2\repository\org\json\json\20240303\json-20240303.jar;C:\Users\sabri\.m2\repository\com\auth0\java-jwt\4.4.0\java-jwt-4.4.0.jar;C:\Users\sabri\.m2\repository\org\slf4j\slf4j-simple\2.0.13\slf4j-simple-2.0.13.jar;C:\Users\sabri\.m2\repository\com\itextpdf\itextpdf\5.5.13.3\itextpdf-5.5.13.3.jar
Launcher Type: SUN_STANDARD

[Global flags]
     intx CICompilerCount                          = 4                                         {product} {ergonomic}
     uint ConcGCThreads                            = 3                                         {product} {ergonomic}
     uint G1ConcRefinementThreads                  = 10                                        {product} {ergonomic}
   size_t G1HeapRegionSize                         = 1048576                                   {product} {ergonomic}
    uintx GCDrainStackTargetSize                   = 64                                        {product} {ergonomic}
   size_t InitialHeapSize                          = 123731968                                 {product} {ergonomic}
   size_t MarkStackSize                            = 4194304                                   {product} {ergonomic}
   size_t MaxHeapSize                              = 1975517184                                {product} {ergonomic}
   size_t MinHeapDeltaBytes                        = 1048576                                   {product} {ergonomic}
   size_t MinHeapSize                              = 8388608                                   {product} {ergonomic}
    uintx NonNMethodCodeHeapSize                   = 5839372                                {pd product} {ergonomic}
    uintx NonProfiledCodeHeapSize                  = 122909434                              {pd product} {ergonomic}
    uintx ProfiledCodeHeapSize                     = 122909434                              {pd product} {ergonomic}
    uintx ReservedCodeCacheSize                    = 251658240                              {pd product} {ergonomic}
     bool SegmentedCodeCache                       = true                                      {product} {ergonomic}
   size_t SoftMaxHeapSize                          = 1975517184                             {manageable} {ergonomic}
     bool UseCompressedOops                        = true                           {product lp64_product} {ergonomic}
     bool UseG1GC                                  = true                                      {product} {ergonomic}
     bool UseLargePagesIndividualAllocation        = false                                  {pd product} {ergonomic}

Logging:
Log output configuration:
 #0: stdout all=warning uptime,level,tags foldmultilines=false
 #1: stderr all=off uptime,level,tags foldmultilines=false

Environment Variables:
PATH=C:\oraclexe\app\oracle\product\11.2.0\server\bin;;C:\Program Files (x86)\VMware\VMware Workstation\bin\;C:\Program Files\Common Files\Oracle\Java\javapath;C:\WINDOWS\system32;C:\WINDOWS;C:\WINDOWS\System32\Wbem;C:\WINDOWS\System32\WindowsPowerShell\v1.0\;C:\WINDOWS\System32\OpenSSH\;C:\Program Files\dotnet\;C:\Program Files\Git\cmd;C:\ProgramData\chocolatey\bin;C:\Program Files\nodejs\;C:\ProgramData\Microsoft\Windows\Start Menu\Programs\XAMPP\XAMPP Control Panel.lnk;C:\composer;C:\Program Files\Java\jdk-21;C:\xampp\php;C:\Users\sabri\Downloads\flex-2.5.4a-1.exe;C:\Program Files (x86)\CodeBlocks\MinGW\bin;C:\Program Files (x86)\GnuWin32\bin;C:\ProgramData\ComposerSetup\bin;C:\Users\sabri\scoop\shims;C:\Users\sabri\.cargo\bin;C:\Users\sabri\AppData\Local\Programs\Python\Python312\Scripts\;C:\Users\sabri\AppData\Local\Programs\Python\Python312\;C:\Users\sabri\AppData\Roaming\npm;C:\Users\sabri\AppData\Local\Programs\Microsoft VS Code\bin;C:\Users\sabri\AppData\Roaming\Composer\vendor\bin;C:\Program Files (x86)\CodeBlocks\MinGW\bin;;%USERPROFILE%\AppData\Local\Microsoft\WindowsApps
USERNAME=sabri
OS=Windows_NT
PROCESSOR_IDENTIFIER=AMD64 Family 23 Model 104 Stepping 1, AuthenticAMD
TMP=C:\Users\sabri\AppData\Local\Temp
TEMP=C:\Users\sabri\AppData\Local\Temp




Periodic native trim disabled

---------------  S Y S T E M  ---------------

OS:
 Windows 11 , 64 bit Build 26100 (10.0.26100.3037)
OS uptime: 42 days 11:10 hours
Hyper-V role detected

CPU: total 12 (initial active 12) (12 cores per cpu, 2 threads per core) family 23 model 104 stepping 1 microcode 0x8608107, cx8, cmov, fxsr, ht, mmx, 3dnowpref, sse, sse2, sse3, ssse3, sse4a, sse4.1, sse4.2, popcnt, lzcnt, tsc, tscinvbit, avx, avx2, aes, clmul, bmi1, bmi2, adx, sha, fma, vzeroupper, clflush, clflushopt, hv, rdtscp, rdpid, f16c
Processor Information for processor 0
  Max Mhz: 2100, Current Mhz: 2100, Mhz Limit: 2100
Processor Information for processor 1
  Max Mhz: 2100, Current Mhz: 1813, Mhz Limit: 2100
Processor Information for processor 2
  Max Mhz: 2100, Current Mhz: 2100, Mhz Limit: 2100
Processor Information for processor 3
  Max Mhz: 2100, Current Mhz: 2100, Mhz Limit: 2100
Processor Information for processor 4
  Max Mhz: 2100, Current Mhz: 2100, Mhz Limit: 2100
Processor Information for processor 5
  Max Mhz: 2100, Current Mhz: 1813, Mhz Limit: 2100
Processor Information for processor 6
  Max Mhz: 2100, Current Mhz: 1813, Mhz Limit: 2100
Processor Information for processor 7
  Max Mhz: 2100, Current Mhz: 1813, Mhz Limit: 2100
Processor Information for processor 8
  Max Mhz: 2100, Current Mhz: 1813, Mhz Limit: 2100
Processor Information for processor 9
  Max Mhz: 2100, Current Mhz: 1813, Mhz Limit: 2100
Processor Information for processor 10
  Max Mhz: 2100, Current Mhz: 1813, Mhz Limit: 2100
Processor Information for processor 11
  Max Mhz: 2100, Current Mhz: 1813, Mhz Limit: 2100

Memory: 4k page, system-wide physical 7528M (1239M free)
TotalPageFile size 31080M (AvailPageFile size 11M)
current process WorkingSet (physical memory assigned to process): 12M, peak: 12M
current process commit charge ("private bytes"): 64M, peak: 182M

vm_info: Java HotSpot(TM) 64-Bit Server VM (21.0.1+12-LTS-29) for windows-amd64 JRE (21.0.1+12-LTS-29), built on 2023-10-05T13:27:09Z by "mach5one" with MS VC++ 17.1 (VS2022)

END.
